[2020-10-12 15:06:41] local.ERROR: SQLSTATE[HY000] [2002] No connection could be made because the target machine actively refused it.
 (SQL: select `value`, `key` from `sc_admin_config` where `store_id` is null) {"exception":"[object] (Illuminate\\Database\\QueryException(code: 2002): SQLSTATE[HY000] [2002] No connection could be made because the target machine actively refused it.
 (SQL: select `value`, `key` from `sc_admin_config` where `store_id` is null) at D:\\works\\jwellery\\s-cart\\vendor\\laravel\\framework\\src\\Illuminate\\Database\\Connection.php:671)
[stacktrace]
#0 D:\\works\\jwellery\\s-cart\\vendor\\laravel\\framework\\src\\Illuminate\\Database\\Connection.php(631): Illuminate\\Database\\Connection->runQueryCallback('select `value`,...', Array, Object(Closure))
#1 D:\\works\\jwellery\\s-cart\\vendor\\laravel\\framework\\src\\Illuminate\\Database\\Connection.php(339): Illuminate\\Database\\Connection->run('select `value`,...', Array, Object(Closure))
#2 D:\\works\\jwellery\\s-cart\\vendor\\laravel\\framework\\src\\Illuminate\\Database\\Query\\Builder.php(2260): Illuminate\\Database\\Connection->select('select `value`,...', Array, true)
#3 D:\\works\\jwellery\\s-cart\\vendor\\laravel\\framework\\src\\Illuminate\\Database\\Query\\Builder.php(2435): Illuminate\\Database\\Query\\Builder->runSelect()
#4 D:\\works\\jwellery\\s-cart\\vendor\\laravel\\framework\\src\\Illuminate\\Database\\Query\\Builder.php(2743): Illuminate\\Database\\Query\\Builder->Illuminate\\Database\\Query\\{closure}()
#5 D:\\works\\jwellery\\s-cart\\vendor\\laravel\\framework\\src\\Illuminate\\Database\\Query\\Builder.php(2437): Illuminate\\Database\\Query\\Builder->onceWithColumns(Array, Object(Closure))
#6 D:\\works\\jwellery\\s-cart\\vendor\\laravel\\framework\\src\\Illuminate\\Database\\Eloquent\\Builder.php(689): Illuminate\\Database\\Query\\Builder->pluck('value', 'key')
#7 D:\\works\\jwellery\\s-cart\\app\\Models\\AdminConfig.php(106): Illuminate\\Database\\Eloquent\\Builder->pluck('value', 'key')
#8 D:\\works\\jwellery\\s-cart\\app\\Library\\Helpers\\functions.php(88): App\\Models\\AdminConfig::getAllStore(NULL)
#9 D:\\works\\jwellery\\s-cart\\app\\Plugins\\Payment\\PaypalExpress\\Route.php(5): sc_config('PaypalExpress')
#10 D:\\works\\jwellery\\s-cart\\app\\Providers\\RouteServiceProvider.php(81): require_once('D:\\\\works\\\\jwelle...')
#11 D:\\works\\jwellery\\s-cart\\vendor\\laravel\\framework\\src\\Illuminate\\Routing\\Router.php(415): App\\Providers\\RouteServiceProvider->App\\Providers\\{closure}(Object(Illuminate\\Routing\\Router))
#12 D:\\works\\jwellery\\s-cart\\vendor\\laravel\\framework\\src\\Illuminate\\Routing\\Router.php(374): Illuminate\\Routing\\Router->loadRoutes(Object(Closure))
#13 D:\\works\\jwellery\\s-cart\\vendor\\laravel\\framework\\src\\Illuminate\\Routing\\RouteRegistrar.php(134): Illuminate\\Routing\\Router->group(Array, Object(Closure))
#14 D:\\works\\jwellery\\s-cart\\app\\Providers\\RouteServiceProvider.php(83): Illuminate\\Routing\\RouteRegistrar->group(Object(Closure))
#15 D:\\works\\jwellery\\s-cart\\app\\Providers\\RouteServiceProvider.php(38): App\\Providers\\RouteServiceProvider->mapPluginsRoutes()
#16 [internal function]: App\\Providers\\RouteServiceProvider->map()
#17 D:\\works\\jwellery\\s-cart\\vendor\\laravel\\framework\\src\\Illuminate\\Container\\BoundMethod.php(37): call_user_func_array(Array, Array)
#18 D:\\works\\jwellery\\s-cart\\vendor\\laravel\\framework\\src\\Illuminate\\Container\\Util.php(37): Illuminate\\Container\\BoundMethod::Illuminate\\Container\\{closure}()
#19 D:\\works\\jwellery\\s-cart\\vendor\\laravel\\framework\\src\\Illuminate\\Container\\BoundMethod.php(95): Illuminate\\Container\\Util::unwrapIfClosure(Object(Closure))
#20 D:\\works\\jwellery\\s-cart\\vendor\\laravel\\framework\\src\\Illuminate\\Container\\BoundMethod.php(39): Illuminate\\Container\\BoundMethod::callBoundMethod(Object(Illuminate\\Foundation\\Application), Array, Object(Closure))
#21 D:\\works\\jwellery\\s-cart\\vendor\\laravel\\framework\\src\\Illuminate\\Container\\Container.php(596): Illuminate\\Container\\BoundMethod::call(Object(Illuminate\\Foundation\\Application), Array, Array, NULL)
#22 D:\\works\\jwellery\\s-cart\\vendor\\laravel\\framework\\src\\Illuminate\\Foundation\\Support\\Providers\\RouteServiceProvider.php(87): Illuminate\\Container\\Container->call(Array)
#23 D:\\works\\jwellery\\s-cart\\vendor\\laravel\\framework\\src\\Illuminate\\Foundation\\Support\\Providers\\RouteServiceProvider.php(36): Illuminate\\Foundation\\Support\\Providers\\RouteServiceProvider->loadRoutes()
#24 D:\\works\\jwellery\\s-cart\\app\\Providers\\RouteServiceProvider.php(26): Illuminate\\Foundation\\Support\\Providers\\RouteServiceProvider->boot()
#25 [internal function]: App\\Providers\\RouteServiceProvider->boot()
#26 D:\\works\\jwellery\\s-cart\\vendor\\laravel\\framework\\src\\Illuminate\\Container\\BoundMethod.php(37): call_user_func_array(Array, Array)
#27 D:\\works\\jwellery\\s-cart\\vendor\\laravel\\framework\\src\\Illuminate\\Container\\Util.php(37): Illuminate\\Container\\BoundMethod::Illuminate\\Container\\{closure}()
#28 D:\\works\\jwellery\\s-cart\\vendor\\laravel\\framework\\src\\Illuminate\\Container\\BoundMethod.php(95): Illuminate\\Container\\Util::unwrapIfClosure(Object(Closure))
#29 D:\\works\\jwellery\\s-cart\\vendor\\laravel\\framework\\src\\Illuminate\\Container\\BoundMethod.php(39): Illuminate\\Container\\BoundMethod::callBoundMethod(Object(Illuminate\\Foundation\\Application), Array, Object(Closure))
#30 D:\\works\\jwellery\\s-cart\\vendor\\laravel\\framework\\src\\Illuminate\\Container\\Container.php(596): Illuminate\\Container\\BoundMethod::call(Object(Illuminate\\Foundation\\Application), Array, Array, NULL)
#31 D:\\works\\jwellery\\s-cart\\vendor\\laravel\\framework\\src\\Illuminate\\Foundation\\Application.php(867): Illuminate\\Container\\Container->call(Array)
#32 D:\\works\\jwellery\\s-cart\\vendor\\laravel\\framework\\src\\Illuminate\\Foundation\\Application.php(850): Illuminate\\Foundation\\Application->bootProvider(Object(App\\Providers\\RouteServiceProvider))
#33 [internal function]: Illuminate\\Foundation\\Application->Illuminate\\Foundation\\{closure}(Object(App\\Providers\\RouteServiceProvider), 29)
#34 D:\\works\\jwellery\\s-cart\\vendor\\laravel\\framework\\src\\Illuminate\\Foundation\\Application.php(851): array_walk(Array, Object(Closure))
#35 D:\\works\\jwellery\\s-cart\\vendor\\laravel\\framework\\src\\Illuminate\\Foundation\\Bootstrap\\BootProviders.php(17): Illuminate\\Foundation\\Application->boot()
#36 D:\\works\\jwellery\\s-cart\\vendor\\laravel\\framework\\src\\Illuminate\\Foundation\\Application.php(230): Illuminate\\Foundation\\Bootstrap\\BootProviders->bootstrap(Object(Illuminate\\Foundation\\Application))
#37 D:\\works\\jwellery\\s-cart\\vendor\\laravel\\framework\\src\\Illuminate\\Foundation\\Console\\Kernel.php(310): Illuminate\\Foundation\\Application->bootstrapWith(Array)
#38 D:\\works\\jwellery\\s-cart\\vendor\\laravel\\framework\\src\\Illuminate\\Foundation\\Console\\Kernel.php(127): Illuminate\\Foundation\\Console\\Kernel->bootstrap()
#39 D:\\works\\jwellery\\s-cart\\artisan(37): Illuminate\\Foundation\\Console\\Kernel->handle(Object(Symfony\\Component\\Console\\Input\\ArgvInput), Object(Symfony\\Component\\Console\\Output\\ConsoleOutput))
#40 {main}

[previous exception] [object] (PDOException(code: 2002): SQLSTATE[HY000] [2002] No connection could be made because the target machine actively refused it.
 at D:\\works\\jwellery\\s-cart\\vendor\\laravel\\framework\\src\\Illuminate\\Database\\Connectors\\Connector.php:70)
[stacktrace]
#0 D:\\works\\jwellery\\s-cart\\vendor\\laravel\\framework\\src\\Illuminate\\Database\\Connectors\\Connector.php(70): PDO->__construct('mysql:host=127....', 'root', '', Array)
#1 D:\\works\\jwellery\\s-cart\\vendor\\laravel\\framework\\src\\Illuminate\\Database\\Connectors\\Connector.php(46): Illuminate\\Database\\Connectors\\Connector->createPdoConnection('mysql:host=127....', 'root', '', Array)
#2 D:\\works\\jwellery\\s-cart\\vendor\\laravel\\framework\\src\\Illuminate\\Database\\Connectors\\MySqlConnector.php(24): Illuminate\\Database\\Connectors\\Connector->createConnection('mysql:host=127....', Array, Array)
#3 D:\\works\\jwellery\\s-cart\\vendor\\laravel\\framework\\src\\Illuminate\\Database\\Connectors\\ConnectionFactory.php(184): Illuminate\\Database\\Connectors\\MySqlConnector->connect(Array)
#4 [internal function]: Illuminate\\Database\\Connectors\\ConnectionFactory->Illuminate\\Database\\Connectors\\{closure}()
#5 D:\\works\\jwellery\\s-cart\\vendor\\laravel\\framework\\src\\Illuminate\\Database\\Connection.php(926): call_user_func(Object(Closure))
#6 D:\\works\\jwellery\\s-cart\\vendor\\laravel\\framework\\src\\Illuminate\\Database\\Connection.php(961): Illuminate\\Database\\Connection->getPdo()
#7 D:\\works\\jwellery\\s-cart\\vendor\\laravel\\framework\\src\\Illuminate\\Database\\Connection.php(405): Illuminate\\Database\\Connection->getReadPdo()
#8 D:\\works\\jwellery\\s-cart\\vendor\\laravel\\framework\\src\\Illuminate\\Database\\Connection.php(331): Illuminate\\Database\\Connection->getPdoForSelect(true)
#9 D:\\works\\jwellery\\s-cart\\vendor\\laravel\\framework\\src\\Illuminate\\Database\\Connection.php(664): Illuminate\\Database\\Connection->Illuminate\\Database\\{closure}('select `value`,...', Array)
#10 D:\\works\\jwellery\\s-cart\\vendor\\laravel\\framework\\src\\Illuminate\\Database\\Connection.php(631): Illuminate\\Database\\Connection->runQueryCallback('select `value`,...', Array, Object(Closure))
#11 D:\\works\\jwellery\\s-cart\\vendor\\laravel\\framework\\src\\Illuminate\\Database\\Connection.php(339): Illuminate\\Database\\Connection->run('select `value`,...', Array, Object(Closure))
#12 D:\\works\\jwellery\\s-cart\\vendor\\laravel\\framework\\src\\Illuminate\\Database\\Query\\Builder.php(2260): Illuminate\\Database\\Connection->select('select `value`,...', Array, true)
#13 D:\\works\\jwellery\\s-cart\\vendor\\laravel\\framework\\src\\Illuminate\\Database\\Query\\Builder.php(2435): Illuminate\\Database\\Query\\Builder->runSelect()
#14 D:\\works\\jwellery\\s-cart\\vendor\\laravel\\framework\\src\\Illuminate\\Database\\Query\\Builder.php(2743): Illuminate\\Database\\Query\\Builder->Illuminate\\Database\\Query\\{closure}()
#15 D:\\works\\jwellery\\s-cart\\vendor\\laravel\\framework\\src\\Illuminate\\Database\\Query\\Builder.php(2437): Illuminate\\Database\\Query\\Builder->onceWithColumns(Array, Object(Closure))
#16 D:\\works\\jwellery\\s-cart\\vendor\\laravel\\framework\\src\\Illuminate\\Database\\Eloquent\\Builder.php(689): Illuminate\\Database\\Query\\Builder->pluck('value', 'key')
#17 D:\\works\\jwellery\\s-cart\\app\\Models\\AdminConfig.php(106): Illuminate\\Database\\Eloquent\\Builder->pluck('value', 'key')
#18 D:\\works\\jwellery\\s-cart\\app\\Library\\Helpers\\functions.php(88): App\\Models\\AdminConfig::getAllStore(NULL)
#19 D:\\works\\jwellery\\s-cart\\app\\Plugins\\Payment\\PaypalExpress\\Route.php(5): sc_config('PaypalExpress')
#20 D:\\works\\jwellery\\s-cart\\app\\Providers\\RouteServiceProvider.php(81): require_once('D:\\\\works\\\\jwelle...')
#21 D:\\works\\jwellery\\s-cart\\vendor\\laravel\\framework\\src\\Illuminate\\Routing\\Router.php(415): App\\Providers\\RouteServiceProvider->App\\Providers\\{closure}(Object(Illuminate\\Routing\\Router))
#22 D:\\works\\jwellery\\s-cart\\vendor\\laravel\\framework\\src\\Illuminate\\Routing\\Router.php(374): Illuminate\\Routing\\Router->loadRoutes(Object(Closure))
#23 D:\\works\\jwellery\\s-cart\\vendor\\laravel\\framework\\src\\Illuminate\\Routing\\RouteRegistrar.php(134): Illuminate\\Routing\\Router->group(Array, Object(Closure))
#24 D:\\works\\jwellery\\s-cart\\app\\Providers\\RouteServiceProvider.php(83): Illuminate\\Routing\\RouteRegistrar->group(Object(Closure))
#25 D:\\works\\jwellery\\s-cart\\app\\Providers\\RouteServiceProvider.php(38): App\\Providers\\RouteServiceProvider->mapPluginsRoutes()
#26 [internal function]: App\\Providers\\RouteServiceProvider->map()
#27 D:\\works\\jwellery\\s-cart\\vendor\\laravel\\framework\\src\\Illuminate\\Container\\BoundMethod.php(37): call_user_func_array(Array, Array)
#28 D:\\works\\jwellery\\s-cart\\vendor\\laravel\\framework\\src\\Illuminate\\Container\\Util.php(37): Illuminate\\Container\\BoundMethod::Illuminate\\Container\\{closure}()
#29 D:\\works\\jwellery\\s-cart\\vendor\\laravel\\framework\\src\\Illuminate\\Container\\BoundMethod.php(95): Illuminate\\Container\\Util::unwrapIfClosure(Object(Closure))
#30 D:\\works\\jwellery\\s-cart\\vendor\\laravel\\framework\\src\\Illuminate\\Container\\BoundMethod.php(39): Illuminate\\Container\\BoundMethod::callBoundMethod(Object(Illuminate\\Foundation\\Application), Array, Object(Closure))
#31 D:\\works\\jwellery\\s-cart\\vendor\\laravel\\framework\\src\\Illuminate\\Container\\Container.php(596): Illuminate\\Container\\BoundMethod::call(Object(Illuminate\\Foundation\\Application), Array, Array, NULL)
#32 D:\\works\\jwellery\\s-cart\\vendor\\laravel\\framework\\src\\Illuminate\\Foundation\\Support\\Providers\\RouteServiceProvider.php(87): Illuminate\\Container\\Container->call(Array)
#33 D:\\works\\jwellery\\s-cart\\vendor\\laravel\\framework\\src\\Illuminate\\Foundation\\Support\\Providers\\RouteServiceProvider.php(36): Illuminate\\Foundation\\Support\\Providers\\RouteServiceProvider->loadRoutes()
#34 D:\\works\\jwellery\\s-cart\\app\\Providers\\RouteServiceProvider.php(26): Illuminate\\Foundation\\Support\\Providers\\RouteServiceProvider->boot()
#35 [internal function]: App\\Providers\\RouteServiceProvider->boot()
#36 D:\\works\\jwellery\\s-cart\\vendor\\laravel\\framework\\src\\Illuminate\\Container\\BoundMethod.php(37): call_user_func_array(Array, Array)
#37 D:\\works\\jwellery\\s-cart\\vendor\\laravel\\framework\\src\\Illuminate\\Container\\Util.php(37): Illuminate\\Container\\BoundMethod::Illuminate\\Container\\{closure}()
#38 D:\\works\\jwellery\\s-cart\\vendor\\laravel\\framework\\src\\Illuminate\\Container\\BoundMethod.php(95): Illuminate\\Container\\Util::unwrapIfClosure(Object(Closure))
#39 D:\\works\\jwellery\\s-cart\\vendor\\laravel\\framework\\src\\Illuminate\\Container\\BoundMethod.php(39): Illuminate\\Container\\BoundMethod::callBoundMethod(Object(Illuminate\\Foundation\\Application), Array, Object(Closure))
#40 D:\\works\\jwellery\\s-cart\\vendor\\laravel\\framework\\src\\Illuminate\\Container\\Container.php(596): Illuminate\\Container\\BoundMethod::call(Object(Illuminate\\Foundation\\Application), Array, Array, NULL)
#41 D:\\works\\jwellery\\s-cart\\vendor\\laravel\\framework\\src\\Illuminate\\Foundation\\Application.php(867): Illuminate\\Container\\Container->call(Array)
#42 D:\\works\\jwellery\\s-cart\\vendor\\laravel\\framework\\src\\Illuminate\\Foundation\\Application.php(850): Illuminate\\Foundation\\Application->bootProvider(Object(App\\Providers\\RouteServiceProvider))
#43 [internal function]: Illuminate\\Foundation\\Application->Illuminate\\Foundation\\{closure}(Object(App\\Providers\\RouteServiceProvider), 29)
#44 D:\\works\\jwellery\\s-cart\\vendor\\laravel\\framework\\src\\Illuminate\\Foundation\\Application.php(851): array_walk(Array, Object(Closure))
#45 D:\\works\\jwellery\\s-cart\\vendor\\laravel\\framework\\src\\Illuminate\\Foundation\\Bootstrap\\BootProviders.php(17): Illuminate\\Foundation\\Application->boot()
#46 D:\\works\\jwellery\\s-cart\\vendor\\laravel\\framework\\src\\Illuminate\\Foundation\\Application.php(230): Illuminate\\Foundation\\Bootstrap\\BootProviders->bootstrap(Object(Illuminate\\Foundation\\Application))
#47 D:\\works\\jwellery\\s-cart\\vendor\\laravel\\framework\\src\\Illuminate\\Foundation\\Console\\Kernel.php(310): Illuminate\\Foundation\\Application->bootstrapWith(Array)
#48 D:\\works\\jwellery\\s-cart\\vendor\\laravel\\framework\\src\\Illuminate\\Foundation\\Console\\Kernel.php(127): Illuminate\\Foundation\\Console\\Kernel->bootstrap()
#49 D:\\works\\jwellery\\s-cart\\artisan(37): Illuminate\\Foundation\\Console\\Kernel->handle(Object(Symfony\\Component\\Console\\Input\\ArgvInput), Object(Symfony\\Component\\Console\\Output\\ConsoleOutput))
#50 {main}
"} 
[2020-10-12 15:08:45] local.ERROR: SQLSTATE[HY000] [1049] Unknown database 's-cart' (SQL: select `value`, `key` from `sc_admin_config` where `store_id` is null) {"exception":"[object] (Illuminate\\Database\\QueryException(code: 1049): SQLSTATE[HY000] [1049] Unknown database 's-cart' (SQL: select `value`, `key` from `sc_admin_config` where `store_id` is null) at D:\\works\\jwellery\\s-cart\\vendor\\laravel\\framework\\src\\Illuminate\\Database\\Connection.php:671)
[stacktrace]
#0 D:\\works\\jwellery\\s-cart\\vendor\\laravel\\framework\\src\\Illuminate\\Database\\Connection.php(631): Illuminate\\Database\\Connection->runQueryCallback('select `value`,...', Array, Object(Closure))
#1 D:\\works\\jwellery\\s-cart\\vendor\\laravel\\framework\\src\\Illuminate\\Database\\Connection.php(339): Illuminate\\Database\\Connection->run('select `value`,...', Array, Object(Closure))
#2 D:\\works\\jwellery\\s-cart\\vendor\\laravel\\framework\\src\\Illuminate\\Database\\Query\\Builder.php(2260): Illuminate\\Database\\Connection->select('select `value`,...', Array, true)
#3 D:\\works\\jwellery\\s-cart\\vendor\\laravel\\framework\\src\\Illuminate\\Database\\Query\\Builder.php(2435): Illuminate\\Database\\Query\\Builder->runSelect()
#4 D:\\works\\jwellery\\s-cart\\vendor\\laravel\\framework\\src\\Illuminate\\Database\\Query\\Builder.php(2743): Illuminate\\Database\\Query\\Builder->Illuminate\\Database\\Query\\{closure}()
#5 D:\\works\\jwellery\\s-cart\\vendor\\laravel\\framework\\src\\Illuminate\\Database\\Query\\Builder.php(2437): Illuminate\\Database\\Query\\Builder->onceWithColumns(Array, Object(Closure))
#6 D:\\works\\jwellery\\s-cart\\vendor\\laravel\\framework\\src\\Illuminate\\Database\\Eloquent\\Builder.php(689): Illuminate\\Database\\Query\\Builder->pluck('value', 'key')
#7 D:\\works\\jwellery\\s-cart\\app\\Models\\AdminConfig.php(106): Illuminate\\Database\\Eloquent\\Builder->pluck('value', 'key')
#8 D:\\works\\jwellery\\s-cart\\app\\Library\\Helpers\\functions.php(88): App\\Models\\AdminConfig::getAllStore(NULL)
#9 D:\\works\\jwellery\\s-cart\\app\\Plugins\\Payment\\PaypalExpress\\Route.php(5): sc_config('PaypalExpress')
#10 D:\\works\\jwellery\\s-cart\\app\\Providers\\RouteServiceProvider.php(81): require_once('D:\\\\works\\\\jwelle...')
#11 D:\\works\\jwellery\\s-cart\\vendor\\laravel\\framework\\src\\Illuminate\\Routing\\Router.php(415): App\\Providers\\RouteServiceProvider->App\\Providers\\{closure}(Object(Illuminate\\Routing\\Router))
#12 D:\\works\\jwellery\\s-cart\\vendor\\laravel\\framework\\src\\Illuminate\\Routing\\Router.php(374): Illuminate\\Routing\\Router->loadRoutes(Object(Closure))
#13 D:\\works\\jwellery\\s-cart\\vendor\\laravel\\framework\\src\\Illuminate\\Routing\\RouteRegistrar.php(134): Illuminate\\Routing\\Router->group(Array, Object(Closure))
#14 D:\\works\\jwellery\\s-cart\\app\\Providers\\RouteServiceProvider.php(83): Illuminate\\Routing\\RouteRegistrar->group(Object(Closure))
#15 D:\\works\\jwellery\\s-cart\\app\\Providers\\RouteServiceProvider.php(38): App\\Providers\\RouteServiceProvider->mapPluginsRoutes()
#16 [internal function]: App\\Providers\\RouteServiceProvider->map()
#17 D:\\works\\jwellery\\s-cart\\vendor\\laravel\\framework\\src\\Illuminate\\Container\\BoundMethod.php(37): call_user_func_array(Array, Array)
#18 D:\\works\\jwellery\\s-cart\\vendor\\laravel\\framework\\src\\Illuminate\\Container\\Util.php(37): Illuminate\\Container\\BoundMethod::Illuminate\\Container\\{closure}()
#19 D:\\works\\jwellery\\s-cart\\vendor\\laravel\\framework\\src\\Illuminate\\Container\\BoundMethod.php(95): Illuminate\\Container\\Util::unwrapIfClosure(Object(Closure))
#20 D:\\works\\jwellery\\s-cart\\vendor\\laravel\\framework\\src\\Illuminate\\Container\\BoundMethod.php(39): Illuminate\\Container\\BoundMethod::callBoundMethod(Object(Illuminate\\Foundation\\Application), Array, Object(Closure))
#21 D:\\works\\jwellery\\s-cart\\vendor\\laravel\\framework\\src\\Illuminate\\Container\\Container.php(596): Illuminate\\Container\\BoundMethod::call(Object(Illuminate\\Foundation\\Application), Array, Array, NULL)
#22 D:\\works\\jwellery\\s-cart\\vendor\\laravel\\framework\\src\\Illuminate\\Foundation\\Support\\Providers\\RouteServiceProvider.php(87): Illuminate\\Container\\Container->call(Array)
#23 D:\\works\\jwellery\\s-cart\\vendor\\laravel\\framework\\src\\Illuminate\\Foundation\\Support\\Providers\\RouteServiceProvider.php(36): Illuminate\\Foundation\\Support\\Providers\\RouteServiceProvider->loadRoutes()
#24 D:\\works\\jwellery\\s-cart\\app\\Providers\\RouteServiceProvider.php(26): Illuminate\\Foundation\\Support\\Providers\\RouteServiceProvider->boot()
#25 [internal function]: App\\Providers\\RouteServiceProvider->boot()
#26 D:\\works\\jwellery\\s-cart\\vendor\\laravel\\framework\\src\\Illuminate\\Container\\BoundMethod.php(37): call_user_func_array(Array, Array)
#27 D:\\works\\jwellery\\s-cart\\vendor\\laravel\\framework\\src\\Illuminate\\Container\\Util.php(37): Illuminate\\Container\\BoundMethod::Illuminate\\Container\\{closure}()
#28 D:\\works\\jwellery\\s-cart\\vendor\\laravel\\framework\\src\\Illuminate\\Container\\BoundMethod.php(95): Illuminate\\Container\\Util::unwrapIfClosure(Object(Closure))
#29 D:\\works\\jwellery\\s-cart\\vendor\\laravel\\framework\\src\\Illuminate\\Container\\BoundMethod.php(39): Illuminate\\Container\\BoundMethod::callBoundMethod(Object(Illuminate\\Foundation\\Application), Array, Object(Closure))
#30 D:\\works\\jwellery\\s-cart\\vendor\\laravel\\framework\\src\\Illuminate\\Container\\Container.php(596): Illuminate\\Container\\BoundMethod::call(Object(Illuminate\\Foundation\\Application), Array, Array, NULL)
#31 D:\\works\\jwellery\\s-cart\\vendor\\laravel\\framework\\src\\Illuminate\\Foundation\\Application.php(867): Illuminate\\Container\\Container->call(Array)
#32 D:\\works\\jwellery\\s-cart\\vendor\\laravel\\framework\\src\\Illuminate\\Foundation\\Application.php(850): Illuminate\\Foundation\\Application->bootProvider(Object(App\\Providers\\RouteServiceProvider))
#33 [internal function]: Illuminate\\Foundation\\Application->Illuminate\\Foundation\\{closure}(Object(App\\Providers\\RouteServiceProvider), 29)
#34 D:\\works\\jwellery\\s-cart\\vendor\\laravel\\framework\\src\\Illuminate\\Foundation\\Application.php(851): array_walk(Array, Object(Closure))
#35 D:\\works\\jwellery\\s-cart\\vendor\\laravel\\framework\\src\\Illuminate\\Foundation\\Bootstrap\\BootProviders.php(17): Illuminate\\Foundation\\Application->boot()
#36 D:\\works\\jwellery\\s-cart\\vendor\\laravel\\framework\\src\\Illuminate\\Foundation\\Application.php(230): Illuminate\\Foundation\\Bootstrap\\BootProviders->bootstrap(Object(Illuminate\\Foundation\\Application))
#37 D:\\works\\jwellery\\s-cart\\vendor\\laravel\\framework\\src\\Illuminate\\Foundation\\Console\\Kernel.php(310): Illuminate\\Foundation\\Application->bootstrapWith(Array)
#38 D:\\works\\jwellery\\s-cart\\vendor\\laravel\\framework\\src\\Illuminate\\Foundation\\Console\\Kernel.php(127): Illuminate\\Foundation\\Console\\Kernel->bootstrap()
#39 D:\\works\\jwellery\\s-cart\\artisan(37): Illuminate\\Foundation\\Console\\Kernel->handle(Object(Symfony\\Component\\Console\\Input\\ArgvInput), Object(Symfony\\Component\\Console\\Output\\ConsoleOutput))
#40 {main}

[previous exception] [object] (PDOException(code: 1049): SQLSTATE[HY000] [1049] Unknown database 's-cart' at D:\\works\\jwellery\\s-cart\\vendor\\laravel\\framework\\src\\Illuminate\\Database\\Connectors\\Connector.php:70)
[stacktrace]
#0 D:\\works\\jwellery\\s-cart\\vendor\\laravel\\framework\\src\\Illuminate\\Database\\Connectors\\Connector.php(70): PDO->__construct('mysql:host=127....', 'root', '', Array)
#1 D:\\works\\jwellery\\s-cart\\vendor\\laravel\\framework\\src\\Illuminate\\Database\\Connectors\\Connector.php(46): Illuminate\\Database\\Connectors\\Connector->createPdoConnection('mysql:host=127....', 'root', '', Array)
#2 D:\\works\\jwellery\\s-cart\\vendor\\laravel\\framework\\src\\Illuminate\\Database\\Connectors\\MySqlConnector.php(24): Illuminate\\Database\\Connectors\\Connector->createConnection('mysql:host=127....', Array, Array)
#3 D:\\works\\jwellery\\s-cart\\vendor\\laravel\\framework\\src\\Illuminate\\Database\\Connectors\\ConnectionFactory.php(184): Illuminate\\Database\\Connectors\\MySqlConnector->connect(Array)
#4 [internal function]: Illuminate\\Database\\Connectors\\ConnectionFactory->Illuminate\\Database\\Connectors\\{closure}()
#5 D:\\works\\jwellery\\s-cart\\vendor\\laravel\\framework\\src\\Illuminate\\Database\\Connection.php(926): call_user_func(Object(Closure))
#6 D:\\works\\jwellery\\s-cart\\vendor\\laravel\\framework\\src\\Illuminate\\Database\\Connection.php(961): Illuminate\\Database\\Connection->getPdo()
#7 D:\\works\\jwellery\\s-cart\\vendor\\laravel\\framework\\src\\Illuminate\\Database\\Connection.php(405): Illuminate\\Database\\Connection->getReadPdo()
#8 D:\\works\\jwellery\\s-cart\\vendor\\laravel\\framework\\src\\Illuminate\\Database\\Connection.php(331): Illuminate\\Database\\Connection->getPdoForSelect(true)
#9 D:\\works\\jwellery\\s-cart\\vendor\\laravel\\framework\\src\\Illuminate\\Database\\Connection.php(664): Illuminate\\Database\\Connection->Illuminate\\Database\\{closure}('select `value`,...', Array)
#10 D:\\works\\jwellery\\s-cart\\vendor\\laravel\\framework\\src\\Illuminate\\Database\\Connection.php(631): Illuminate\\Database\\Connection->runQueryCallback('select `value`,...', Array, Object(Closure))
#11 D:\\works\\jwellery\\s-cart\\vendor\\laravel\\framework\\src\\Illuminate\\Database\\Connection.php(339): Illuminate\\Database\\Connection->run('select `value`,...', Array, Object(Closure))
#12 D:\\works\\jwellery\\s-cart\\vendor\\laravel\\framework\\src\\Illuminate\\Database\\Query\\Builder.php(2260): Illuminate\\Database\\Connection->select('select `value`,...', Array, true)
#13 D:\\works\\jwellery\\s-cart\\vendor\\laravel\\framework\\src\\Illuminate\\Database\\Query\\Builder.php(2435): Illuminate\\Database\\Query\\Builder->runSelect()
#14 D:\\works\\jwellery\\s-cart\\vendor\\laravel\\framework\\src\\Illuminate\\Database\\Query\\Builder.php(2743): Illuminate\\Database\\Query\\Builder->Illuminate\\Database\\Query\\{closure}()
#15 D:\\works\\jwellery\\s-cart\\vendor\\laravel\\framework\\src\\Illuminate\\Database\\Query\\Builder.php(2437): Illuminate\\Database\\Query\\Builder->onceWithColumns(Array, Object(Closure))
#16 D:\\works\\jwellery\\s-cart\\vendor\\laravel\\framework\\src\\Illuminate\\Database\\Eloquent\\Builder.php(689): Illuminate\\Database\\Query\\Builder->pluck('value', 'key')
#17 D:\\works\\jwellery\\s-cart\\app\\Models\\AdminConfig.php(106): Illuminate\\Database\\Eloquent\\Builder->pluck('value', 'key')
#18 D:\\works\\jwellery\\s-cart\\app\\Library\\Helpers\\functions.php(88): App\\Models\\AdminConfig::getAllStore(NULL)
#19 D:\\works\\jwellery\\s-cart\\app\\Plugins\\Payment\\PaypalExpress\\Route.php(5): sc_config('PaypalExpress')
#20 D:\\works\\jwellery\\s-cart\\app\\Providers\\RouteServiceProvider.php(81): require_once('D:\\\\works\\\\jwelle...')
#21 D:\\works\\jwellery\\s-cart\\vendor\\laravel\\framework\\src\\Illuminate\\Routing\\Router.php(415): App\\Providers\\RouteServiceProvider->App\\Providers\\{closure}(Object(Illuminate\\Routing\\Router))
#22 D:\\works\\jwellery\\s-cart\\vendor\\laravel\\framework\\src\\Illuminate\\Routing\\Router.php(374): Illuminate\\Routing\\Router->loadRoutes(Object(Closure))
#23 D:\\works\\jwellery\\s-cart\\vendor\\laravel\\framework\\src\\Illuminate\\Routing\\RouteRegistrar.php(134): Illuminate\\Routing\\Router->group(Array, Object(Closure))
#24 D:\\works\\jwellery\\s-cart\\app\\Providers\\RouteServiceProvider.php(83): Illuminate\\Routing\\RouteRegistrar->group(Object(Closure))
#25 D:\\works\\jwellery\\s-cart\\app\\Providers\\RouteServiceProvider.php(38): App\\Providers\\RouteServiceProvider->mapPluginsRoutes()
#26 [internal function]: App\\Providers\\RouteServiceProvider->map()
#27 D:\\works\\jwellery\\s-cart\\vendor\\laravel\\framework\\src\\Illuminate\\Container\\BoundMethod.php(37): call_user_func_array(Array, Array)
#28 D:\\works\\jwellery\\s-cart\\vendor\\laravel\\framework\\src\\Illuminate\\Container\\Util.php(37): Illuminate\\Container\\BoundMethod::Illuminate\\Container\\{closure}()
#29 D:\\works\\jwellery\\s-cart\\vendor\\laravel\\framework\\src\\Illuminate\\Container\\BoundMethod.php(95): Illuminate\\Container\\Util::unwrapIfClosure(Object(Closure))
#30 D:\\works\\jwellery\\s-cart\\vendor\\laravel\\framework\\src\\Illuminate\\Container\\BoundMethod.php(39): Illuminate\\Container\\BoundMethod::callBoundMethod(Object(Illuminate\\Foundation\\Application), Array, Object(Closure))
#31 D:\\works\\jwellery\\s-cart\\vendor\\laravel\\framework\\src\\Illuminate\\Container\\Container.php(596): Illuminate\\Container\\BoundMethod::call(Object(Illuminate\\Foundation\\Application), Array, Array, NULL)
#32 D:\\works\\jwellery\\s-cart\\vendor\\laravel\\framework\\src\\Illuminate\\Foundation\\Support\\Providers\\RouteServiceProvider.php(87): Illuminate\\Container\\Container->call(Array)
#33 D:\\works\\jwellery\\s-cart\\vendor\\laravel\\framework\\src\\Illuminate\\Foundation\\Support\\Providers\\RouteServiceProvider.php(36): Illuminate\\Foundation\\Support\\Providers\\RouteServiceProvider->loadRoutes()
#34 D:\\works\\jwellery\\s-cart\\app\\Providers\\RouteServiceProvider.php(26): Illuminate\\Foundation\\Support\\Providers\\RouteServiceProvider->boot()
#35 [internal function]: App\\Providers\\RouteServiceProvider->boot()
#36 D:\\works\\jwellery\\s-cart\\vendor\\laravel\\framework\\src\\Illuminate\\Container\\BoundMethod.php(37): call_user_func_array(Array, Array)
#37 D:\\works\\jwellery\\s-cart\\vendor\\laravel\\framework\\src\\Illuminate\\Container\\Util.php(37): Illuminate\\Container\\BoundMethod::Illuminate\\Container\\{closure}()
#38 D:\\works\\jwellery\\s-cart\\vendor\\laravel\\framework\\src\\Illuminate\\Container\\BoundMethod.php(95): Illuminate\\Container\\Util::unwrapIfClosure(Object(Closure))
#39 D:\\works\\jwellery\\s-cart\\vendor\\laravel\\framework\\src\\Illuminate\\Container\\BoundMethod.php(39): Illuminate\\Container\\BoundMethod::callBoundMethod(Object(Illuminate\\Foundation\\Application), Array, Object(Closure))
#40 D:\\works\\jwellery\\s-cart\\vendor\\laravel\\framework\\src\\Illuminate\\Container\\Container.php(596): Illuminate\\Container\\BoundMethod::call(Object(Illuminate\\Foundation\\Application), Array, Array, NULL)
#41 D:\\works\\jwellery\\s-cart\\vendor\\laravel\\framework\\src\\Illuminate\\Foundation\\Application.php(867): Illuminate\\Container\\Container->call(Array)
#42 D:\\works\\jwellery\\s-cart\\vendor\\laravel\\framework\\src\\Illuminate\\Foundation\\Application.php(850): Illuminate\\Foundation\\Application->bootProvider(Object(App\\Providers\\RouteServiceProvider))
#43 [internal function]: Illuminate\\Foundation\\Application->Illuminate\\Foundation\\{closure}(Object(App\\Providers\\RouteServiceProvider), 29)
#44 D:\\works\\jwellery\\s-cart\\vendor\\laravel\\framework\\src\\Illuminate\\Foundation\\Application.php(851): array_walk(Array, Object(Closure))
#45 D:\\works\\jwellery\\s-cart\\vendor\\laravel\\framework\\src\\Illuminate\\Foundation\\Bootstrap\\BootProviders.php(17): Illuminate\\Foundation\\Application->boot()
#46 D:\\works\\jwellery\\s-cart\\vendor\\laravel\\framework\\src\\Illuminate\\Foundation\\Application.php(230): Illuminate\\Foundation\\Bootstrap\\BootProviders->bootstrap(Object(Illuminate\\Foundation\\Application))
#47 D:\\works\\jwellery\\s-cart\\vendor\\laravel\\framework\\src\\Illuminate\\Foundation\\Console\\Kernel.php(310): Illuminate\\Foundation\\Application->bootstrapWith(Array)
#48 D:\\works\\jwellery\\s-cart\\vendor\\laravel\\framework\\src\\Illuminate\\Foundation\\Console\\Kernel.php(127): Illuminate\\Foundation\\Console\\Kernel->bootstrap()
#49 D:\\works\\jwellery\\s-cart\\artisan(37): Illuminate\\Foundation\\Console\\Kernel->handle(Object(Symfony\\Component\\Console\\Input\\ArgvInput), Object(Symfony\\Component\\Console\\Output\\ConsoleOutput))
#50 {main}
"} 
[2020-10-12 15:09:03] local.ERROR: SQLSTATE[HY000] [1049] Unknown database 's-cart' (SQL: select `value`, `key` from `sc_admin_config` where `store_id` is null) {"exception":"[object] (Illuminate\\Database\\QueryException(code: 1049): SQLSTATE[HY000] [1049] Unknown database 's-cart' (SQL: select `value`, `key` from `sc_admin_config` where `store_id` is null) at D:\\works\\jwellery\\s-cart\\vendor\\laravel\\framework\\src\\Illuminate\\Database\\Connection.php:671)
[stacktrace]
#0 D:\\works\\jwellery\\s-cart\\vendor\\laravel\\framework\\src\\Illuminate\\Database\\Connection.php(631): Illuminate\\Database\\Connection->runQueryCallback('select `value`,...', Array, Object(Closure))
#1 D:\\works\\jwellery\\s-cart\\vendor\\laravel\\framework\\src\\Illuminate\\Database\\Connection.php(339): Illuminate\\Database\\Connection->run('select `value`,...', Array, Object(Closure))
#2 D:\\works\\jwellery\\s-cart\\vendor\\laravel\\framework\\src\\Illuminate\\Database\\Query\\Builder.php(2260): Illuminate\\Database\\Connection->select('select `value`,...', Array, true)
#3 D:\\works\\jwellery\\s-cart\\vendor\\laravel\\framework\\src\\Illuminate\\Database\\Query\\Builder.php(2435): Illuminate\\Database\\Query\\Builder->runSelect()
#4 D:\\works\\jwellery\\s-cart\\vendor\\laravel\\framework\\src\\Illuminate\\Database\\Query\\Builder.php(2743): Illuminate\\Database\\Query\\Builder->Illuminate\\Database\\Query\\{closure}()
#5 D:\\works\\jwellery\\s-cart\\vendor\\laravel\\framework\\src\\Illuminate\\Database\\Query\\Builder.php(2437): Illuminate\\Database\\Query\\Builder->onceWithColumns(Array, Object(Closure))
#6 D:\\works\\jwellery\\s-cart\\vendor\\laravel\\framework\\src\\Illuminate\\Database\\Eloquent\\Builder.php(689): Illuminate\\Database\\Query\\Builder->pluck('value', 'key')
#7 D:\\works\\jwellery\\s-cart\\app\\Models\\AdminConfig.php(106): Illuminate\\Database\\Eloquent\\Builder->pluck('value', 'key')
#8 D:\\works\\jwellery\\s-cart\\app\\Library\\Helpers\\functions.php(88): App\\Models\\AdminConfig::getAllStore(NULL)
#9 D:\\works\\jwellery\\s-cart\\app\\Plugins\\Payment\\PaypalExpress\\Route.php(5): sc_config('PaypalExpress')
#10 D:\\works\\jwellery\\s-cart\\app\\Providers\\RouteServiceProvider.php(81): require_once('D:\\\\works\\\\jwelle...')
#11 D:\\works\\jwellery\\s-cart\\vendor\\laravel\\framework\\src\\Illuminate\\Routing\\Router.php(415): App\\Providers\\RouteServiceProvider->App\\Providers\\{closure}(Object(Illuminate\\Routing\\Router))
#12 D:\\works\\jwellery\\s-cart\\vendor\\laravel\\framework\\src\\Illuminate\\Routing\\Router.php(374): Illuminate\\Routing\\Router->loadRoutes(Object(Closure))
#13 D:\\works\\jwellery\\s-cart\\vendor\\laravel\\framework\\src\\Illuminate\\Routing\\RouteRegistrar.php(134): Illuminate\\Routing\\Router->group(Array, Object(Closure))
#14 D:\\works\\jwellery\\s-cart\\app\\Providers\\RouteServiceProvider.php(83): Illuminate\\Routing\\RouteRegistrar->group(Object(Closure))
#15 D:\\works\\jwellery\\s-cart\\app\\Providers\\RouteServiceProvider.php(38): App\\Providers\\RouteServiceProvider->mapPluginsRoutes()
#16 [internal function]: App\\Providers\\RouteServiceProvider->map()
#17 D:\\works\\jwellery\\s-cart\\vendor\\laravel\\framework\\src\\Illuminate\\Container\\BoundMethod.php(37): call_user_func_array(Array, Array)
#18 D:\\works\\jwellery\\s-cart\\vendor\\laravel\\framework\\src\\Illuminate\\Container\\Util.php(37): Illuminate\\Container\\BoundMethod::Illuminate\\Container\\{closure}()
#19 D:\\works\\jwellery\\s-cart\\vendor\\laravel\\framework\\src\\Illuminate\\Container\\BoundMethod.php(95): Illuminate\\Container\\Util::unwrapIfClosure(Object(Closure))
#20 D:\\works\\jwellery\\s-cart\\vendor\\laravel\\framework\\src\\Illuminate\\Container\\BoundMethod.php(39): Illuminate\\Container\\BoundMethod::callBoundMethod(Object(Illuminate\\Foundation\\Application), Array, Object(Closure))
#21 D:\\works\\jwellery\\s-cart\\vendor\\laravel\\framework\\src\\Illuminate\\Container\\Container.php(596): Illuminate\\Container\\BoundMethod::call(Object(Illuminate\\Foundation\\Application), Array, Array, NULL)
#22 D:\\works\\jwellery\\s-cart\\vendor\\laravel\\framework\\src\\Illuminate\\Foundation\\Support\\Providers\\RouteServiceProvider.php(87): Illuminate\\Container\\Container->call(Array)
#23 D:\\works\\jwellery\\s-cart\\vendor\\laravel\\framework\\src\\Illuminate\\Foundation\\Support\\Providers\\RouteServiceProvider.php(36): Illuminate\\Foundation\\Support\\Providers\\RouteServiceProvider->loadRoutes()
#24 D:\\works\\jwellery\\s-cart\\app\\Providers\\RouteServiceProvider.php(26): Illuminate\\Foundation\\Support\\Providers\\RouteServiceProvider->boot()
#25 [internal function]: App\\Providers\\RouteServiceProvider->boot()
#26 D:\\works\\jwellery\\s-cart\\vendor\\laravel\\framework\\src\\Illuminate\\Container\\BoundMethod.php(37): call_user_func_array(Array, Array)
#27 D:\\works\\jwellery\\s-cart\\vendor\\laravel\\framework\\src\\Illuminate\\Container\\Util.php(37): Illuminate\\Container\\BoundMethod::Illuminate\\Container\\{closure}()
#28 D:\\works\\jwellery\\s-cart\\vendor\\laravel\\framework\\src\\Illuminate\\Container\\BoundMethod.php(95): Illuminate\\Container\\Util::unwrapIfClosure(Object(Closure))
#29 D:\\works\\jwellery\\s-cart\\vendor\\laravel\\framework\\src\\Illuminate\\Container\\BoundMethod.php(39): Illuminate\\Container\\BoundMethod::callBoundMethod(Object(Illuminate\\Foundation\\Application), Array, Object(Closure))
#30 D:\\works\\jwellery\\s-cart\\vendor\\laravel\\framework\\src\\Illuminate\\Container\\Container.php(596): Illuminate\\Container\\BoundMethod::call(Object(Illuminate\\Foundation\\Application), Array, Array, NULL)
#31 D:\\works\\jwellery\\s-cart\\vendor\\laravel\\framework\\src\\Illuminate\\Foundation\\Application.php(867): Illuminate\\Container\\Container->call(Array)
#32 D:\\works\\jwellery\\s-cart\\vendor\\laravel\\framework\\src\\Illuminate\\Foundation\\Application.php(850): Illuminate\\Foundation\\Application->bootProvider(Object(App\\Providers\\RouteServiceProvider))
#33 [internal function]: Illuminate\\Foundation\\Application->Illuminate\\Foundation\\{closure}(Object(App\\Providers\\RouteServiceProvider), 29)
#34 D:\\works\\jwellery\\s-cart\\vendor\\laravel\\framework\\src\\Illuminate\\Foundation\\Application.php(851): array_walk(Array, Object(Closure))
#35 D:\\works\\jwellery\\s-cart\\vendor\\laravel\\framework\\src\\Illuminate\\Foundation\\Bootstrap\\BootProviders.php(17): Illuminate\\Foundation\\Application->boot()
#36 D:\\works\\jwellery\\s-cart\\vendor\\laravel\\framework\\src\\Illuminate\\Foundation\\Application.php(230): Illuminate\\Foundation\\Bootstrap\\BootProviders->bootstrap(Object(Illuminate\\Foundation\\Application))
#37 D:\\works\\jwellery\\s-cart\\vendor\\laravel\\framework\\src\\Illuminate\\Foundation\\Console\\Kernel.php(310): Illuminate\\Foundation\\Application->bootstrapWith(Array)
#38 D:\\works\\jwellery\\s-cart\\vendor\\laravel\\framework\\src\\Illuminate\\Foundation\\Console\\Kernel.php(127): Illuminate\\Foundation\\Console\\Kernel->bootstrap()
#39 D:\\works\\jwellery\\s-cart\\artisan(37): Illuminate\\Foundation\\Console\\Kernel->handle(Object(Symfony\\Component\\Console\\Input\\ArgvInput), Object(Symfony\\Component\\Console\\Output\\ConsoleOutput))
#40 {main}

[previous exception] [object] (PDOException(code: 1049): SQLSTATE[HY000] [1049] Unknown database 's-cart' at D:\\works\\jwellery\\s-cart\\vendor\\laravel\\framework\\src\\Illuminate\\Database\\Connectors\\Connector.php:70)
[stacktrace]
#0 D:\\works\\jwellery\\s-cart\\vendor\\laravel\\framework\\src\\Illuminate\\Database\\Connectors\\Connector.php(70): PDO->__construct('mysql:host=127....', 'root', '', Array)
#1 D:\\works\\jwellery\\s-cart\\vendor\\laravel\\framework\\src\\Illuminate\\Database\\Connectors\\Connector.php(46): Illuminate\\Database\\Connectors\\Connector->createPdoConnection('mysql:host=127....', 'root', '', Array)
#2 D:\\works\\jwellery\\s-cart\\vendor\\laravel\\framework\\src\\Illuminate\\Database\\Connectors\\MySqlConnector.php(24): Illuminate\\Database\\Connectors\\Connector->createConnection('mysql:host=127....', Array, Array)
#3 D:\\works\\jwellery\\s-cart\\vendor\\laravel\\framework\\src\\Illuminate\\Database\\Connectors\\ConnectionFactory.php(184): Illuminate\\Database\\Connectors\\MySqlConnector->connect(Array)
#4 [internal function]: Illuminate\\Database\\Connectors\\ConnectionFactory->Illuminate\\Database\\Connectors\\{closure}()
#5 D:\\works\\jwellery\\s-cart\\vendor\\laravel\\framework\\src\\Illuminate\\Database\\Connection.php(926): call_user_func(Object(Closure))
#6 D:\\works\\jwellery\\s-cart\\vendor\\laravel\\framework\\src\\Illuminate\\Database\\Connection.php(961): Illuminate\\Database\\Connection->getPdo()
#7 D:\\works\\jwellery\\s-cart\\vendor\\laravel\\framework\\src\\Illuminate\\Database\\Connection.php(405): Illuminate\\Database\\Connection->getReadPdo()
#8 D:\\works\\jwellery\\s-cart\\vendor\\laravel\\framework\\src\\Illuminate\\Database\\Connection.php(331): Illuminate\\Database\\Connection->getPdoForSelect(true)
#9 D:\\works\\jwellery\\s-cart\\vendor\\laravel\\framework\\src\\Illuminate\\Database\\Connection.php(664): Illuminate\\Database\\Connection->Illuminate\\Database\\{closure}('select `value`,...', Array)
#10 D:\\works\\jwellery\\s-cart\\vendor\\laravel\\framework\\src\\Illuminate\\Database\\Connection.php(631): Illuminate\\Database\\Connection->runQueryCallback('select `value`,...', Array, Object(Closure))
#11 D:\\works\\jwellery\\s-cart\\vendor\\laravel\\framework\\src\\Illuminate\\Database\\Connection.php(339): Illuminate\\Database\\Connection->run('select `value`,...', Array, Object(Closure))
#12 D:\\works\\jwellery\\s-cart\\vendor\\laravel\\framework\\src\\Illuminate\\Database\\Query\\Builder.php(2260): Illuminate\\Database\\Connection->select('select `value`,...', Array, true)
#13 D:\\works\\jwellery\\s-cart\\vendor\\laravel\\framework\\src\\Illuminate\\Database\\Query\\Builder.php(2435): Illuminate\\Database\\Query\\Builder->runSelect()
#14 D:\\works\\jwellery\\s-cart\\vendor\\laravel\\framework\\src\\Illuminate\\Database\\Query\\Builder.php(2743): Illuminate\\Database\\Query\\Builder->Illuminate\\Database\\Query\\{closure}()
#15 D:\\works\\jwellery\\s-cart\\vendor\\laravel\\framework\\src\\Illuminate\\Database\\Query\\Builder.php(2437): Illuminate\\Database\\Query\\Builder->onceWithColumns(Array, Object(Closure))
#16 D:\\works\\jwellery\\s-cart\\vendor\\laravel\\framework\\src\\Illuminate\\Database\\Eloquent\\Builder.php(689): Illuminate\\Database\\Query\\Builder->pluck('value', 'key')
#17 D:\\works\\jwellery\\s-cart\\app\\Models\\AdminConfig.php(106): Illuminate\\Database\\Eloquent\\Builder->pluck('value', 'key')
#18 D:\\works\\jwellery\\s-cart\\app\\Library\\Helpers\\functions.php(88): App\\Models\\AdminConfig::getAllStore(NULL)
#19 D:\\works\\jwellery\\s-cart\\app\\Plugins\\Payment\\PaypalExpress\\Route.php(5): sc_config('PaypalExpress')
#20 D:\\works\\jwellery\\s-cart\\app\\Providers\\RouteServiceProvider.php(81): require_once('D:\\\\works\\\\jwelle...')
#21 D:\\works\\jwellery\\s-cart\\vendor\\laravel\\framework\\src\\Illuminate\\Routing\\Router.php(415): App\\Providers\\RouteServiceProvider->App\\Providers\\{closure}(Object(Illuminate\\Routing\\Router))
#22 D:\\works\\jwellery\\s-cart\\vendor\\laravel\\framework\\src\\Illuminate\\Routing\\Router.php(374): Illuminate\\Routing\\Router->loadRoutes(Object(Closure))
#23 D:\\works\\jwellery\\s-cart\\vendor\\laravel\\framework\\src\\Illuminate\\Routing\\RouteRegistrar.php(134): Illuminate\\Routing\\Router->group(Array, Object(Closure))
#24 D:\\works\\jwellery\\s-cart\\app\\Providers\\RouteServiceProvider.php(83): Illuminate\\Routing\\RouteRegistrar->group(Object(Closure))
#25 D:\\works\\jwellery\\s-cart\\app\\Providers\\RouteServiceProvider.php(38): App\\Providers\\RouteServiceProvider->mapPluginsRoutes()
#26 [internal function]: App\\Providers\\RouteServiceProvider->map()
#27 D:\\works\\jwellery\\s-cart\\vendor\\laravel\\framework\\src\\Illuminate\\Container\\BoundMethod.php(37): call_user_func_array(Array, Array)
#28 D:\\works\\jwellery\\s-cart\\vendor\\laravel\\framework\\src\\Illuminate\\Container\\Util.php(37): Illuminate\\Container\\BoundMethod::Illuminate\\Container\\{closure}()
#29 D:\\works\\jwellery\\s-cart\\vendor\\laravel\\framework\\src\\Illuminate\\Container\\BoundMethod.php(95): Illuminate\\Container\\Util::unwrapIfClosure(Object(Closure))
#30 D:\\works\\jwellery\\s-cart\\vendor\\laravel\\framework\\src\\Illuminate\\Container\\BoundMethod.php(39): Illuminate\\Container\\BoundMethod::callBoundMethod(Object(Illuminate\\Foundation\\Application), Array, Object(Closure))
#31 D:\\works\\jwellery\\s-cart\\vendor\\laravel\\framework\\src\\Illuminate\\Container\\Container.php(596): Illuminate\\Container\\BoundMethod::call(Object(Illuminate\\Foundation\\Application), Array, Array, NULL)
#32 D:\\works\\jwellery\\s-cart\\vendor\\laravel\\framework\\src\\Illuminate\\Foundation\\Support\\Providers\\RouteServiceProvider.php(87): Illuminate\\Container\\Container->call(Array)
#33 D:\\works\\jwellery\\s-cart\\vendor\\laravel\\framework\\src\\Illuminate\\Foundation\\Support\\Providers\\RouteServiceProvider.php(36): Illuminate\\Foundation\\Support\\Providers\\RouteServiceProvider->loadRoutes()
#34 D:\\works\\jwellery\\s-cart\\app\\Providers\\RouteServiceProvider.php(26): Illuminate\\Foundation\\Support\\Providers\\RouteServiceProvider->boot()
#35 [internal function]: App\\Providers\\RouteServiceProvider->boot()
#36 D:\\works\\jwellery\\s-cart\\vendor\\laravel\\framework\\src\\Illuminate\\Container\\BoundMethod.php(37): call_user_func_array(Array, Array)
#37 D:\\works\\jwellery\\s-cart\\vendor\\laravel\\framework\\src\\Illuminate\\Container\\Util.php(37): Illuminate\\Container\\BoundMethod::Illuminate\\Container\\{closure}()
#38 D:\\works\\jwellery\\s-cart\\vendor\\laravel\\framework\\src\\Illuminate\\Container\\BoundMethod.php(95): Illuminate\\Container\\Util::unwrapIfClosure(Object(Closure))
#39 D:\\works\\jwellery\\s-cart\\vendor\\laravel\\framework\\src\\Illuminate\\Container\\BoundMethod.php(39): Illuminate\\Container\\BoundMethod::callBoundMethod(Object(Illuminate\\Foundation\\Application), Array, Object(Closure))
#40 D:\\works\\jwellery\\s-cart\\vendor\\laravel\\framework\\src\\Illuminate\\Container\\Container.php(596): Illuminate\\Container\\BoundMethod::call(Object(Illuminate\\Foundation\\Application), Array, Array, NULL)
#41 D:\\works\\jwellery\\s-cart\\vendor\\laravel\\framework\\src\\Illuminate\\Foundation\\Application.php(867): Illuminate\\Container\\Container->call(Array)
#42 D:\\works\\jwellery\\s-cart\\vendor\\laravel\\framework\\src\\Illuminate\\Foundation\\Application.php(850): Illuminate\\Foundation\\Application->bootProvider(Object(App\\Providers\\RouteServiceProvider))
#43 [internal function]: Illuminate\\Foundation\\Application->Illuminate\\Foundation\\{closure}(Object(App\\Providers\\RouteServiceProvider), 29)
#44 D:\\works\\jwellery\\s-cart\\vendor\\laravel\\framework\\src\\Illuminate\\Foundation\\Application.php(851): array_walk(Array, Object(Closure))
#45 D:\\works\\jwellery\\s-cart\\vendor\\laravel\\framework\\src\\Illuminate\\Foundation\\Bootstrap\\BootProviders.php(17): Illuminate\\Foundation\\Application->boot()
#46 D:\\works\\jwellery\\s-cart\\vendor\\laravel\\framework\\src\\Illuminate\\Foundation\\Application.php(230): Illuminate\\Foundation\\Bootstrap\\BootProviders->bootstrap(Object(Illuminate\\Foundation\\Application))
#47 D:\\works\\jwellery\\s-cart\\vendor\\laravel\\framework\\src\\Illuminate\\Foundation\\Console\\Kernel.php(310): Illuminate\\Foundation\\Application->bootstrapWith(Array)
#48 D:\\works\\jwellery\\s-cart\\vendor\\laravel\\framework\\src\\Illuminate\\Foundation\\Console\\Kernel.php(127): Illuminate\\Foundation\\Console\\Kernel->bootstrap()
#49 D:\\works\\jwellery\\s-cart\\artisan(37): Illuminate\\Foundation\\Console\\Kernel->handle(Object(Symfony\\Component\\Console\\Input\\ArgvInput), Object(Symfony\\Component\\Console\\Output\\ConsoleOutput))
#50 {main}
"} 
[2020-10-12 15:09:51] local.ERROR: SQLSTATE[42S02]: Base table or view not found: 1146 Table 's-cart.sc_admin_store' doesn't exist (SQL: select `domain`, `id` from `sc_admin_store` where `status` = 1) {"exception":"[object] (Illuminate\\Database\\QueryException(code: 42S02): SQLSTATE[42S02]: Base table or view not found: 1146 Table 's-cart.sc_admin_store' doesn't exist (SQL: select `domain`, `id` from `sc_admin_store` where `status` = 1) at D:\\works\\jwellery\\s-cart\\vendor\\laravel\\framework\\src\\Illuminate\\Database\\Connection.php:671)
[stacktrace]
#0 D:\\works\\jwellery\\s-cart\\vendor\\laravel\\framework\\src\\Illuminate\\Database\\Connection.php(631): Illuminate\\Database\\Connection->runQueryCallback('select `domain`...', Array, Object(Closure))
#1 D:\\works\\jwellery\\s-cart\\vendor\\laravel\\framework\\src\\Illuminate\\Database\\Connection.php(339): Illuminate\\Database\\Connection->run('select `domain`...', Array, Object(Closure))
#2 D:\\works\\jwellery\\s-cart\\vendor\\laravel\\framework\\src\\Illuminate\\Database\\Query\\Builder.php(2260): Illuminate\\Database\\Connection->select('select `domain`...', Array, true)
#3 D:\\works\\jwellery\\s-cart\\vendor\\laravel\\framework\\src\\Illuminate\\Database\\Query\\Builder.php(2435): Illuminate\\Database\\Query\\Builder->runSelect()
#4 D:\\works\\jwellery\\s-cart\\vendor\\laravel\\framework\\src\\Illuminate\\Database\\Query\\Builder.php(2743): Illuminate\\Database\\Query\\Builder->Illuminate\\Database\\Query\\{closure}()
#5 D:\\works\\jwellery\\s-cart\\vendor\\laravel\\framework\\src\\Illuminate\\Database\\Query\\Builder.php(2437): Illuminate\\Database\\Query\\Builder->onceWithColumns(Array, Object(Closure))
#6 D:\\works\\jwellery\\s-cart\\vendor\\laravel\\framework\\src\\Illuminate\\Database\\Eloquent\\Builder.php(689): Illuminate\\Database\\Query\\Builder->pluck('domain', 'id')
#7 D:\\works\\jwellery\\s-cart\\app\\Models\\AdminStore.php(100): Illuminate\\Database\\Eloquent\\Builder->pluck('domain', 'id')
#8 D:\\works\\jwellery\\s-cart\\app\\Providers\\ScartServiceProvider.php(64): App\\Models\\AdminStore::getDomain()
#9 D:\\works\\jwellery\\s-cart\\app\\Providers\\ScartServiceProvider.php(40): App\\Providers\\ScartServiceProvider->bootScart()
#10 [internal function]: App\\Providers\\ScartServiceProvider->boot()
#11 D:\\works\\jwellery\\s-cart\\vendor\\laravel\\framework\\src\\Illuminate\\Container\\BoundMethod.php(37): call_user_func_array(Array, Array)
#12 D:\\works\\jwellery\\s-cart\\vendor\\laravel\\framework\\src\\Illuminate\\Container\\Util.php(37): Illuminate\\Container\\BoundMethod::Illuminate\\Container\\{closure}()
#13 D:\\works\\jwellery\\s-cart\\vendor\\laravel\\framework\\src\\Illuminate\\Container\\BoundMethod.php(95): Illuminate\\Container\\Util::unwrapIfClosure(Object(Closure))
#14 D:\\works\\jwellery\\s-cart\\vendor\\laravel\\framework\\src\\Illuminate\\Container\\BoundMethod.php(39): Illuminate\\Container\\BoundMethod::callBoundMethod(Object(Illuminate\\Foundation\\Application), Array, Object(Closure))
#15 D:\\works\\jwellery\\s-cart\\vendor\\laravel\\framework\\src\\Illuminate\\Container\\Container.php(596): Illuminate\\Container\\BoundMethod::call(Object(Illuminate\\Foundation\\Application), Array, Array, NULL)
#16 D:\\works\\jwellery\\s-cart\\vendor\\laravel\\framework\\src\\Illuminate\\Foundation\\Application.php(867): Illuminate\\Container\\Container->call(Array)
#17 D:\\works\\jwellery\\s-cart\\vendor\\laravel\\framework\\src\\Illuminate\\Foundation\\Application.php(850): Illuminate\\Foundation\\Application->bootProvider(Object(App\\Providers\\ScartServiceProvider))
#18 [internal function]: Illuminate\\Foundation\\Application->Illuminate\\Foundation\\{closure}(Object(App\\Providers\\ScartServiceProvider), 27)
#19 D:\\works\\jwellery\\s-cart\\vendor\\laravel\\framework\\src\\Illuminate\\Foundation\\Application.php(851): array_walk(Array, Object(Closure))
#20 D:\\works\\jwellery\\s-cart\\vendor\\laravel\\framework\\src\\Illuminate\\Foundation\\Bootstrap\\BootProviders.php(17): Illuminate\\Foundation\\Application->boot()
#21 D:\\works\\jwellery\\s-cart\\vendor\\laravel\\framework\\src\\Illuminate\\Foundation\\Application.php(230): Illuminate\\Foundation\\Bootstrap\\BootProviders->bootstrap(Object(Illuminate\\Foundation\\Application))
#22 D:\\works\\jwellery\\s-cart\\vendor\\laravel\\framework\\src\\Illuminate\\Foundation\\Console\\Kernel.php(310): Illuminate\\Foundation\\Application->bootstrapWith(Array)
#23 D:\\works\\jwellery\\s-cart\\vendor\\laravel\\framework\\src\\Illuminate\\Foundation\\Console\\Kernel.php(127): Illuminate\\Foundation\\Console\\Kernel->bootstrap()
#24 D:\\works\\jwellery\\s-cart\\artisan(37): Illuminate\\Foundation\\Console\\Kernel->handle(Object(Symfony\\Component\\Console\\Input\\ArgvInput), Object(Symfony\\Component\\Console\\Output\\ConsoleOutput))
#25 {main}

[previous exception] [object] (PDOException(code: 42S02): SQLSTATE[42S02]: Base table or view not found: 1146 Table 's-cart.sc_admin_store' doesn't exist at D:\\works\\jwellery\\s-cart\\vendor\\laravel\\framework\\src\\Illuminate\\Database\\Connection.php:331)
[stacktrace]
#0 D:\\works\\jwellery\\s-cart\\vendor\\laravel\\framework\\src\\Illuminate\\Database\\Connection.php(331): PDO->prepare('select `domain`...')
#1 D:\\works\\jwellery\\s-cart\\vendor\\laravel\\framework\\src\\Illuminate\\Database\\Connection.php(664): Illuminate\\Database\\Connection->Illuminate\\Database\\{closure}('select `domain`...', Array)
#2 D:\\works\\jwellery\\s-cart\\vendor\\laravel\\framework\\src\\Illuminate\\Database\\Connection.php(631): Illuminate\\Database\\Connection->runQueryCallback('select `domain`...', Array, Object(Closure))
#3 D:\\works\\jwellery\\s-cart\\vendor\\laravel\\framework\\src\\Illuminate\\Database\\Connection.php(339): Illuminate\\Database\\Connection->run('select `domain`...', Array, Object(Closure))
#4 D:\\works\\jwellery\\s-cart\\vendor\\laravel\\framework\\src\\Illuminate\\Database\\Query\\Builder.php(2260): Illuminate\\Database\\Connection->select('select `domain`...', Array, true)
#5 D:\\works\\jwellery\\s-cart\\vendor\\laravel\\framework\\src\\Illuminate\\Database\\Query\\Builder.php(2435): Illuminate\\Database\\Query\\Builder->runSelect()
#6 D:\\works\\jwellery\\s-cart\\vendor\\laravel\\framework\\src\\Illuminate\\Database\\Query\\Builder.php(2743): Illuminate\\Database\\Query\\Builder->Illuminate\\Database\\Query\\{closure}()
#7 D:\\works\\jwellery\\s-cart\\vendor\\laravel\\framework\\src\\Illuminate\\Database\\Query\\Builder.php(2437): Illuminate\\Database\\Query\\Builder->onceWithColumns(Array, Object(Closure))
#8 D:\\works\\jwellery\\s-cart\\vendor\\laravel\\framework\\src\\Illuminate\\Database\\Eloquent\\Builder.php(689): Illuminate\\Database\\Query\\Builder->pluck('domain', 'id')
#9 D:\\works\\jwellery\\s-cart\\app\\Models\\AdminStore.php(100): Illuminate\\Database\\Eloquent\\Builder->pluck('domain', 'id')
#10 D:\\works\\jwellery\\s-cart\\app\\Providers\\ScartServiceProvider.php(64): App\\Models\\AdminStore::getDomain()
#11 D:\\works\\jwellery\\s-cart\\app\\Providers\\ScartServiceProvider.php(40): App\\Providers\\ScartServiceProvider->bootScart()
#12 [internal function]: App\\Providers\\ScartServiceProvider->boot()
#13 D:\\works\\jwellery\\s-cart\\vendor\\laravel\\framework\\src\\Illuminate\\Container\\BoundMethod.php(37): call_user_func_array(Array, Array)
#14 D:\\works\\jwellery\\s-cart\\vendor\\laravel\\framework\\src\\Illuminate\\Container\\Util.php(37): Illuminate\\Container\\BoundMethod::Illuminate\\Container\\{closure}()
#15 D:\\works\\jwellery\\s-cart\\vendor\\laravel\\framework\\src\\Illuminate\\Container\\BoundMethod.php(95): Illuminate\\Container\\Util::unwrapIfClosure(Object(Closure))
#16 D:\\works\\jwellery\\s-cart\\vendor\\laravel\\framework\\src\\Illuminate\\Container\\BoundMethod.php(39): Illuminate\\Container\\BoundMethod::callBoundMethod(Object(Illuminate\\Foundation\\Application), Array, Object(Closure))
#17 D:\\works\\jwellery\\s-cart\\vendor\\laravel\\framework\\src\\Illuminate\\Container\\Container.php(596): Illuminate\\Container\\BoundMethod::call(Object(Illuminate\\Foundation\\Application), Array, Array, NULL)
#18 D:\\works\\jwellery\\s-cart\\vendor\\laravel\\framework\\src\\Illuminate\\Foundation\\Application.php(867): Illuminate\\Container\\Container->call(Array)
#19 D:\\works\\jwellery\\s-cart\\vendor\\laravel\\framework\\src\\Illuminate\\Foundation\\Application.php(850): Illuminate\\Foundation\\Application->bootProvider(Object(App\\Providers\\ScartServiceProvider))
#20 [internal function]: Illuminate\\Foundation\\Application->Illuminate\\Foundation\\{closure}(Object(App\\Providers\\ScartServiceProvider), 27)
#21 D:\\works\\jwellery\\s-cart\\vendor\\laravel\\framework\\src\\Illuminate\\Foundation\\Application.php(851): array_walk(Array, Object(Closure))
#22 D:\\works\\jwellery\\s-cart\\vendor\\laravel\\framework\\src\\Illuminate\\Foundation\\Bootstrap\\BootProviders.php(17): Illuminate\\Foundation\\Application->boot()
#23 D:\\works\\jwellery\\s-cart\\vendor\\laravel\\framework\\src\\Illuminate\\Foundation\\Application.php(230): Illuminate\\Foundation\\Bootstrap\\BootProviders->bootstrap(Object(Illuminate\\Foundation\\Application))
#24 D:\\works\\jwellery\\s-cart\\vendor\\laravel\\framework\\src\\Illuminate\\Foundation\\Console\\Kernel.php(310): Illuminate\\Foundation\\Application->bootstrapWith(Array)
#25 D:\\works\\jwellery\\s-cart\\vendor\\laravel\\framework\\src\\Illuminate\\Foundation\\Console\\Kernel.php(127): Illuminate\\Foundation\\Console\\Kernel->bootstrap()
#26 D:\\works\\jwellery\\s-cart\\artisan(37): Illuminate\\Foundation\\Console\\Kernel->handle(Object(Symfony\\Component\\Console\\Input\\ArgvInput), Object(Symfony\\Component\\Console\\Output\\ConsoleOutput))
#27 {main}
"} 
[2020-10-12 15:10:28] local.ERROR: SQLSTATE[42S02]: Base table or view not found: 1146 Table 's-cart.sc_admin_store' doesn't exist (SQL: select `domain`, `id` from `sc_admin_store` where `status` = 1) {"exception":"[object] (Illuminate\\Database\\QueryException(code: 42S02): SQLSTATE[42S02]: Base table or view not found: 1146 Table 's-cart.sc_admin_store' doesn't exist (SQL: select `domain`, `id` from `sc_admin_store` where `status` = 1) at D:\\works\\jwellery\\s-cart\\vendor\\laravel\\framework\\src\\Illuminate\\Database\\Connection.php:671)
[stacktrace]
#0 D:\\works\\jwellery\\s-cart\\vendor\\laravel\\framework\\src\\Illuminate\\Database\\Connection.php(631): Illuminate\\Database\\Connection->runQueryCallback('select `domain`...', Array, Object(Closure))
#1 D:\\works\\jwellery\\s-cart\\vendor\\laravel\\framework\\src\\Illuminate\\Database\\Connection.php(339): Illuminate\\Database\\Connection->run('select `domain`...', Array, Object(Closure))
#2 D:\\works\\jwellery\\s-cart\\vendor\\laravel\\framework\\src\\Illuminate\\Database\\Query\\Builder.php(2260): Illuminate\\Database\\Connection->select('select `domain`...', Array, true)
#3 D:\\works\\jwellery\\s-cart\\vendor\\laravel\\framework\\src\\Illuminate\\Database\\Query\\Builder.php(2435): Illuminate\\Database\\Query\\Builder->runSelect()
#4 D:\\works\\jwellery\\s-cart\\vendor\\laravel\\framework\\src\\Illuminate\\Database\\Query\\Builder.php(2743): Illuminate\\Database\\Query\\Builder->Illuminate\\Database\\Query\\{closure}()
#5 D:\\works\\jwellery\\s-cart\\vendor\\laravel\\framework\\src\\Illuminate\\Database\\Query\\Builder.php(2437): Illuminate\\Database\\Query\\Builder->onceWithColumns(Array, Object(Closure))
#6 D:\\works\\jwellery\\s-cart\\vendor\\laravel\\framework\\src\\Illuminate\\Database\\Eloquent\\Builder.php(689): Illuminate\\Database\\Query\\Builder->pluck('domain', 'id')
#7 D:\\works\\jwellery\\s-cart\\app\\Models\\AdminStore.php(100): Illuminate\\Database\\Eloquent\\Builder->pluck('domain', 'id')
#8 D:\\works\\jwellery\\s-cart\\app\\Providers\\ScartServiceProvider.php(64): App\\Models\\AdminStore::getDomain()
#9 D:\\works\\jwellery\\s-cart\\app\\Providers\\ScartServiceProvider.php(40): App\\Providers\\ScartServiceProvider->bootScart()
#10 [internal function]: App\\Providers\\ScartServiceProvider->boot()
#11 D:\\works\\jwellery\\s-cart\\vendor\\laravel\\framework\\src\\Illuminate\\Container\\BoundMethod.php(37): call_user_func_array(Array, Array)
#12 D:\\works\\jwellery\\s-cart\\vendor\\laravel\\framework\\src\\Illuminate\\Container\\Util.php(37): Illuminate\\Container\\BoundMethod::Illuminate\\Container\\{closure}()
#13 D:\\works\\jwellery\\s-cart\\vendor\\laravel\\framework\\src\\Illuminate\\Container\\BoundMethod.php(95): Illuminate\\Container\\Util::unwrapIfClosure(Object(Closure))
#14 D:\\works\\jwellery\\s-cart\\vendor\\laravel\\framework\\src\\Illuminate\\Container\\BoundMethod.php(39): Illuminate\\Container\\BoundMethod::callBoundMethod(Object(Illuminate\\Foundation\\Application), Array, Object(Closure))
#15 D:\\works\\jwellery\\s-cart\\vendor\\laravel\\framework\\src\\Illuminate\\Container\\Container.php(596): Illuminate\\Container\\BoundMethod::call(Object(Illuminate\\Foundation\\Application), Array, Array, NULL)
#16 D:\\works\\jwellery\\s-cart\\vendor\\laravel\\framework\\src\\Illuminate\\Foundation\\Application.php(867): Illuminate\\Container\\Container->call(Array)
#17 D:\\works\\jwellery\\s-cart\\vendor\\laravel\\framework\\src\\Illuminate\\Foundation\\Application.php(850): Illuminate\\Foundation\\Application->bootProvider(Object(App\\Providers\\ScartServiceProvider))
#18 [internal function]: Illuminate\\Foundation\\Application->Illuminate\\Foundation\\{closure}(Object(App\\Providers\\ScartServiceProvider), 27)
#19 D:\\works\\jwellery\\s-cart\\vendor\\laravel\\framework\\src\\Illuminate\\Foundation\\Application.php(851): array_walk(Array, Object(Closure))
#20 D:\\works\\jwellery\\s-cart\\vendor\\laravel\\framework\\src\\Illuminate\\Foundation\\Bootstrap\\BootProviders.php(17): Illuminate\\Foundation\\Application->boot()
#21 D:\\works\\jwellery\\s-cart\\vendor\\laravel\\framework\\src\\Illuminate\\Foundation\\Application.php(230): Illuminate\\Foundation\\Bootstrap\\BootProviders->bootstrap(Object(Illuminate\\Foundation\\Application))
#22 D:\\works\\jwellery\\s-cart\\vendor\\laravel\\framework\\src\\Illuminate\\Foundation\\Console\\Kernel.php(310): Illuminate\\Foundation\\Application->bootstrapWith(Array)
#23 D:\\works\\jwellery\\s-cart\\vendor\\laravel\\framework\\src\\Illuminate\\Foundation\\Console\\Kernel.php(127): Illuminate\\Foundation\\Console\\Kernel->bootstrap()
#24 D:\\works\\jwellery\\s-cart\\artisan(37): Illuminate\\Foundation\\Console\\Kernel->handle(Object(Symfony\\Component\\Console\\Input\\ArgvInput), Object(Symfony\\Component\\Console\\Output\\ConsoleOutput))
#25 {main}

[previous exception] [object] (PDOException(code: 42S02): SQLSTATE[42S02]: Base table or view not found: 1146 Table 's-cart.sc_admin_store' doesn't exist at D:\\works\\jwellery\\s-cart\\vendor\\laravel\\framework\\src\\Illuminate\\Database\\Connection.php:331)
[stacktrace]
#0 D:\\works\\jwellery\\s-cart\\vendor\\laravel\\framework\\src\\Illuminate\\Database\\Connection.php(331): PDO->prepare('select `domain`...')
#1 D:\\works\\jwellery\\s-cart\\vendor\\laravel\\framework\\src\\Illuminate\\Database\\Connection.php(664): Illuminate\\Database\\Connection->Illuminate\\Database\\{closure}('select `domain`...', Array)
#2 D:\\works\\jwellery\\s-cart\\vendor\\laravel\\framework\\src\\Illuminate\\Database\\Connection.php(631): Illuminate\\Database\\Connection->runQueryCallback('select `domain`...', Array, Object(Closure))
#3 D:\\works\\jwellery\\s-cart\\vendor\\laravel\\framework\\src\\Illuminate\\Database\\Connection.php(339): Illuminate\\Database\\Connection->run('select `domain`...', Array, Object(Closure))
#4 D:\\works\\jwellery\\s-cart\\vendor\\laravel\\framework\\src\\Illuminate\\Database\\Query\\Builder.php(2260): Illuminate\\Database\\Connection->select('select `domain`...', Array, true)
#5 D:\\works\\jwellery\\s-cart\\vendor\\laravel\\framework\\src\\Illuminate\\Database\\Query\\Builder.php(2435): Illuminate\\Database\\Query\\Builder->runSelect()
#6 D:\\works\\jwellery\\s-cart\\vendor\\laravel\\framework\\src\\Illuminate\\Database\\Query\\Builder.php(2743): Illuminate\\Database\\Query\\Builder->Illuminate\\Database\\Query\\{closure}()
#7 D:\\works\\jwellery\\s-cart\\vendor\\laravel\\framework\\src\\Illuminate\\Database\\Query\\Builder.php(2437): Illuminate\\Database\\Query\\Builder->onceWithColumns(Array, Object(Closure))
#8 D:\\works\\jwellery\\s-cart\\vendor\\laravel\\framework\\src\\Illuminate\\Database\\Eloquent\\Builder.php(689): Illuminate\\Database\\Query\\Builder->pluck('domain', 'id')
#9 D:\\works\\jwellery\\s-cart\\app\\Models\\AdminStore.php(100): Illuminate\\Database\\Eloquent\\Builder->pluck('domain', 'id')
#10 D:\\works\\jwellery\\s-cart\\app\\Providers\\ScartServiceProvider.php(64): App\\Models\\AdminStore::getDomain()
#11 D:\\works\\jwellery\\s-cart\\app\\Providers\\ScartServiceProvider.php(40): App\\Providers\\ScartServiceProvider->bootScart()
#12 [internal function]: App\\Providers\\ScartServiceProvider->boot()
#13 D:\\works\\jwellery\\s-cart\\vendor\\laravel\\framework\\src\\Illuminate\\Container\\BoundMethod.php(37): call_user_func_array(Array, Array)
#14 D:\\works\\jwellery\\s-cart\\vendor\\laravel\\framework\\src\\Illuminate\\Container\\Util.php(37): Illuminate\\Container\\BoundMethod::Illuminate\\Container\\{closure}()
#15 D:\\works\\jwellery\\s-cart\\vendor\\laravel\\framework\\src\\Illuminate\\Container\\BoundMethod.php(95): Illuminate\\Container\\Util::unwrapIfClosure(Object(Closure))
#16 D:\\works\\jwellery\\s-cart\\vendor\\laravel\\framework\\src\\Illuminate\\Container\\BoundMethod.php(39): Illuminate\\Container\\BoundMethod::callBoundMethod(Object(Illuminate\\Foundation\\Application), Array, Object(Closure))
#17 D:\\works\\jwellery\\s-cart\\vendor\\laravel\\framework\\src\\Illuminate\\Container\\Container.php(596): Illuminate\\Container\\BoundMethod::call(Object(Illuminate\\Foundation\\Application), Array, Array, NULL)
#18 D:\\works\\jwellery\\s-cart\\vendor\\laravel\\framework\\src\\Illuminate\\Foundation\\Application.php(867): Illuminate\\Container\\Container->call(Array)
#19 D:\\works\\jwellery\\s-cart\\vendor\\laravel\\framework\\src\\Illuminate\\Foundation\\Application.php(850): Illuminate\\Foundation\\Application->bootProvider(Object(App\\Providers\\ScartServiceProvider))
#20 [internal function]: Illuminate\\Foundation\\Application->Illuminate\\Foundation\\{closure}(Object(App\\Providers\\ScartServiceProvider), 27)
#21 D:\\works\\jwellery\\s-cart\\vendor\\laravel\\framework\\src\\Illuminate\\Foundation\\Application.php(851): array_walk(Array, Object(Closure))
#22 D:\\works\\jwellery\\s-cart\\vendor\\laravel\\framework\\src\\Illuminate\\Foundation\\Bootstrap\\BootProviders.php(17): Illuminate\\Foundation\\Application->boot()
#23 D:\\works\\jwellery\\s-cart\\vendor\\laravel\\framework\\src\\Illuminate\\Foundation\\Application.php(230): Illuminate\\Foundation\\Bootstrap\\BootProviders->bootstrap(Object(Illuminate\\Foundation\\Application))
#24 D:\\works\\jwellery\\s-cart\\vendor\\laravel\\framework\\src\\Illuminate\\Foundation\\Console\\Kernel.php(310): Illuminate\\Foundation\\Application->bootstrapWith(Array)
#25 D:\\works\\jwellery\\s-cart\\vendor\\laravel\\framework\\src\\Illuminate\\Foundation\\Console\\Kernel.php(127): Illuminate\\Foundation\\Console\\Kernel->bootstrap()
#26 D:\\works\\jwellery\\s-cart\\artisan(37): Illuminate\\Foundation\\Console\\Kernel->handle(Object(Symfony\\Component\\Console\\Input\\ArgvInput), Object(Symfony\\Component\\Console\\Output\\ConsoleOutput))
#27 {main}
"} 
[2020-10-12 15:11:54] local.ERROR: SQLSTATE[42S02]: Base table or view not found: 1146 Table 's-cart.sc_admin_store' doesn't exist (SQL: select `domain`, `id` from `sc_admin_store` where `status` = 1) {"exception":"[object] (Illuminate\\Database\\QueryException(code: 42S02): SQLSTATE[42S02]: Base table or view not found: 1146 Table 's-cart.sc_admin_store' doesn't exist (SQL: select `domain`, `id` from `sc_admin_store` where `status` = 1) at D:\\works\\jwellery\\s-cart\\vendor\\laravel\\framework\\src\\Illuminate\\Database\\Connection.php:671)
[stacktrace]
#0 D:\\works\\jwellery\\s-cart\\vendor\\laravel\\framework\\src\\Illuminate\\Database\\Connection.php(631): Illuminate\\Database\\Connection->runQueryCallback('select `domain`...', Array, Object(Closure))
#1 D:\\works\\jwellery\\s-cart\\vendor\\laravel\\framework\\src\\Illuminate\\Database\\Connection.php(339): Illuminate\\Database\\Connection->run('select `domain`...', Array, Object(Closure))
#2 D:\\works\\jwellery\\s-cart\\vendor\\laravel\\framework\\src\\Illuminate\\Database\\Query\\Builder.php(2260): Illuminate\\Database\\Connection->select('select `domain`...', Array, true)
#3 D:\\works\\jwellery\\s-cart\\vendor\\laravel\\framework\\src\\Illuminate\\Database\\Query\\Builder.php(2435): Illuminate\\Database\\Query\\Builder->runSelect()
#4 D:\\works\\jwellery\\s-cart\\vendor\\laravel\\framework\\src\\Illuminate\\Database\\Query\\Builder.php(2743): Illuminate\\Database\\Query\\Builder->Illuminate\\Database\\Query\\{closure}()
#5 D:\\works\\jwellery\\s-cart\\vendor\\laravel\\framework\\src\\Illuminate\\Database\\Query\\Builder.php(2437): Illuminate\\Database\\Query\\Builder->onceWithColumns(Array, Object(Closure))
#6 D:\\works\\jwellery\\s-cart\\vendor\\laravel\\framework\\src\\Illuminate\\Database\\Eloquent\\Builder.php(689): Illuminate\\Database\\Query\\Builder->pluck('domain', 'id')
#7 D:\\works\\jwellery\\s-cart\\app\\Models\\AdminStore.php(100): Illuminate\\Database\\Eloquent\\Builder->pluck('domain', 'id')
#8 D:\\works\\jwellery\\s-cart\\app\\Providers\\ScartServiceProvider.php(64): App\\Models\\AdminStore::getDomain()
#9 D:\\works\\jwellery\\s-cart\\app\\Providers\\ScartServiceProvider.php(40): App\\Providers\\ScartServiceProvider->bootScart()
#10 [internal function]: App\\Providers\\ScartServiceProvider->boot()
#11 D:\\works\\jwellery\\s-cart\\vendor\\laravel\\framework\\src\\Illuminate\\Container\\BoundMethod.php(37): call_user_func_array(Array, Array)
#12 D:\\works\\jwellery\\s-cart\\vendor\\laravel\\framework\\src\\Illuminate\\Container\\Util.php(37): Illuminate\\Container\\BoundMethod::Illuminate\\Container\\{closure}()
#13 D:\\works\\jwellery\\s-cart\\vendor\\laravel\\framework\\src\\Illuminate\\Container\\BoundMethod.php(95): Illuminate\\Container\\Util::unwrapIfClosure(Object(Closure))
#14 D:\\works\\jwellery\\s-cart\\vendor\\laravel\\framework\\src\\Illuminate\\Container\\BoundMethod.php(39): Illuminate\\Container\\BoundMethod::callBoundMethod(Object(Illuminate\\Foundation\\Application), Array, Object(Closure))
#15 D:\\works\\jwellery\\s-cart\\vendor\\laravel\\framework\\src\\Illuminate\\Container\\Container.php(596): Illuminate\\Container\\BoundMethod::call(Object(Illuminate\\Foundation\\Application), Array, Array, NULL)
#16 D:\\works\\jwellery\\s-cart\\vendor\\laravel\\framework\\src\\Illuminate\\Foundation\\Application.php(867): Illuminate\\Container\\Container->call(Array)
#17 D:\\works\\jwellery\\s-cart\\vendor\\laravel\\framework\\src\\Illuminate\\Foundation\\Application.php(850): Illuminate\\Foundation\\Application->bootProvider(Object(App\\Providers\\ScartServiceProvider))
#18 [internal function]: Illuminate\\Foundation\\Application->Illuminate\\Foundation\\{closure}(Object(App\\Providers\\ScartServiceProvider), 27)
#19 D:\\works\\jwellery\\s-cart\\vendor\\laravel\\framework\\src\\Illuminate\\Foundation\\Application.php(851): array_walk(Array, Object(Closure))
#20 D:\\works\\jwellery\\s-cart\\vendor\\laravel\\framework\\src\\Illuminate\\Foundation\\Bootstrap\\BootProviders.php(17): Illuminate\\Foundation\\Application->boot()
#21 D:\\works\\jwellery\\s-cart\\vendor\\laravel\\framework\\src\\Illuminate\\Foundation\\Application.php(230): Illuminate\\Foundation\\Bootstrap\\BootProviders->bootstrap(Object(Illuminate\\Foundation\\Application))
#22 D:\\works\\jwellery\\s-cart\\vendor\\laravel\\framework\\src\\Illuminate\\Foundation\\Console\\Kernel.php(310): Illuminate\\Foundation\\Application->bootstrapWith(Array)
#23 D:\\works\\jwellery\\s-cart\\vendor\\laravel\\framework\\src\\Illuminate\\Foundation\\Console\\Kernel.php(127): Illuminate\\Foundation\\Console\\Kernel->bootstrap()
#24 D:\\works\\jwellery\\s-cart\\artisan(37): Illuminate\\Foundation\\Console\\Kernel->handle(Object(Symfony\\Component\\Console\\Input\\ArgvInput), Object(Symfony\\Component\\Console\\Output\\ConsoleOutput))
#25 {main}

[previous exception] [object] (PDOException(code: 42S02): SQLSTATE[42S02]: Base table or view not found: 1146 Table 's-cart.sc_admin_store' doesn't exist at D:\\works\\jwellery\\s-cart\\vendor\\laravel\\framework\\src\\Illuminate\\Database\\Connection.php:331)
[stacktrace]
#0 D:\\works\\jwellery\\s-cart\\vendor\\laravel\\framework\\src\\Illuminate\\Database\\Connection.php(331): PDO->prepare('select `domain`...')
#1 D:\\works\\jwellery\\s-cart\\vendor\\laravel\\framework\\src\\Illuminate\\Database\\Connection.php(664): Illuminate\\Database\\Connection->Illuminate\\Database\\{closure}('select `domain`...', Array)
#2 D:\\works\\jwellery\\s-cart\\vendor\\laravel\\framework\\src\\Illuminate\\Database\\Connection.php(631): Illuminate\\Database\\Connection->runQueryCallback('select `domain`...', Array, Object(Closure))
#3 D:\\works\\jwellery\\s-cart\\vendor\\laravel\\framework\\src\\Illuminate\\Database\\Connection.php(339): Illuminate\\Database\\Connection->run('select `domain`...', Array, Object(Closure))
#4 D:\\works\\jwellery\\s-cart\\vendor\\laravel\\framework\\src\\Illuminate\\Database\\Query\\Builder.php(2260): Illuminate\\Database\\Connection->select('select `domain`...', Array, true)
#5 D:\\works\\jwellery\\s-cart\\vendor\\laravel\\framework\\src\\Illuminate\\Database\\Query\\Builder.php(2435): Illuminate\\Database\\Query\\Builder->runSelect()
#6 D:\\works\\jwellery\\s-cart\\vendor\\laravel\\framework\\src\\Illuminate\\Database\\Query\\Builder.php(2743): Illuminate\\Database\\Query\\Builder->Illuminate\\Database\\Query\\{closure}()
#7 D:\\works\\jwellery\\s-cart\\vendor\\laravel\\framework\\src\\Illuminate\\Database\\Query\\Builder.php(2437): Illuminate\\Database\\Query\\Builder->onceWithColumns(Array, Object(Closure))
#8 D:\\works\\jwellery\\s-cart\\vendor\\laravel\\framework\\src\\Illuminate\\Database\\Eloquent\\Builder.php(689): Illuminate\\Database\\Query\\Builder->pluck('domain', 'id')
#9 D:\\works\\jwellery\\s-cart\\app\\Models\\AdminStore.php(100): Illuminate\\Database\\Eloquent\\Builder->pluck('domain', 'id')
#10 D:\\works\\jwellery\\s-cart\\app\\Providers\\ScartServiceProvider.php(64): App\\Models\\AdminStore::getDomain()
#11 D:\\works\\jwellery\\s-cart\\app\\Providers\\ScartServiceProvider.php(40): App\\Providers\\ScartServiceProvider->bootScart()
#12 [internal function]: App\\Providers\\ScartServiceProvider->boot()
#13 D:\\works\\jwellery\\s-cart\\vendor\\laravel\\framework\\src\\Illuminate\\Container\\BoundMethod.php(37): call_user_func_array(Array, Array)
#14 D:\\works\\jwellery\\s-cart\\vendor\\laravel\\framework\\src\\Illuminate\\Container\\Util.php(37): Illuminate\\Container\\BoundMethod::Illuminate\\Container\\{closure}()
#15 D:\\works\\jwellery\\s-cart\\vendor\\laravel\\framework\\src\\Illuminate\\Container\\BoundMethod.php(95): Illuminate\\Container\\Util::unwrapIfClosure(Object(Closure))
#16 D:\\works\\jwellery\\s-cart\\vendor\\laravel\\framework\\src\\Illuminate\\Container\\BoundMethod.php(39): Illuminate\\Container\\BoundMethod::callBoundMethod(Object(Illuminate\\Foundation\\Application), Array, Object(Closure))
#17 D:\\works\\jwellery\\s-cart\\vendor\\laravel\\framework\\src\\Illuminate\\Container\\Container.php(596): Illuminate\\Container\\BoundMethod::call(Object(Illuminate\\Foundation\\Application), Array, Array, NULL)
#18 D:\\works\\jwellery\\s-cart\\vendor\\laravel\\framework\\src\\Illuminate\\Foundation\\Application.php(867): Illuminate\\Container\\Container->call(Array)
#19 D:\\works\\jwellery\\s-cart\\vendor\\laravel\\framework\\src\\Illuminate\\Foundation\\Application.php(850): Illuminate\\Foundation\\Application->bootProvider(Object(App\\Providers\\ScartServiceProvider))
#20 [internal function]: Illuminate\\Foundation\\Application->Illuminate\\Foundation\\{closure}(Object(App\\Providers\\ScartServiceProvider), 27)
#21 D:\\works\\jwellery\\s-cart\\vendor\\laravel\\framework\\src\\Illuminate\\Foundation\\Application.php(851): array_walk(Array, Object(Closure))
#22 D:\\works\\jwellery\\s-cart\\vendor\\laravel\\framework\\src\\Illuminate\\Foundation\\Bootstrap\\BootProviders.php(17): Illuminate\\Foundation\\Application->boot()
#23 D:\\works\\jwellery\\s-cart\\vendor\\laravel\\framework\\src\\Illuminate\\Foundation\\Application.php(230): Illuminate\\Foundation\\Bootstrap\\BootProviders->bootstrap(Object(Illuminate\\Foundation\\Application))
#24 D:\\works\\jwellery\\s-cart\\vendor\\laravel\\framework\\src\\Illuminate\\Foundation\\Console\\Kernel.php(310): Illuminate\\Foundation\\Application->bootstrapWith(Array)
#25 D:\\works\\jwellery\\s-cart\\vendor\\laravel\\framework\\src\\Illuminate\\Foundation\\Console\\Kernel.php(127): Illuminate\\Foundation\\Console\\Kernel->bootstrap()
#26 D:\\works\\jwellery\\s-cart\\artisan(37): Illuminate\\Foundation\\Console\\Kernel->handle(Object(Symfony\\Component\\Console\\Input\\ArgvInput), Object(Symfony\\Component\\Console\\Output\\ConsoleOutput))
#27 {main}
"} 
[2020-10-12 15:12:51] local.ERROR: SQLSTATE[42S02]: Base table or view not found: 1146 Table 's-cart.sc_admin_store' doesn't exist (SQL: select `domain`, `id` from `sc_admin_store` where `status` = 1) {"exception":"[object] (Illuminate\\Database\\QueryException(code: 42S02): SQLSTATE[42S02]: Base table or view not found: 1146 Table 's-cart.sc_admin_store' doesn't exist (SQL: select `domain`, `id` from `sc_admin_store` where `status` = 1) at D:\\works\\jwellery\\s-cart\\vendor\\laravel\\framework\\src\\Illuminate\\Database\\Connection.php:671)
[stacktrace]
#0 D:\\works\\jwellery\\s-cart\\vendor\\laravel\\framework\\src\\Illuminate\\Database\\Connection.php(631): Illuminate\\Database\\Connection->runQueryCallback('select `domain`...', Array, Object(Closure))
#1 D:\\works\\jwellery\\s-cart\\vendor\\laravel\\framework\\src\\Illuminate\\Database\\Connection.php(339): Illuminate\\Database\\Connection->run('select `domain`...', Array, Object(Closure))
#2 D:\\works\\jwellery\\s-cart\\vendor\\laravel\\framework\\src\\Illuminate\\Database\\Query\\Builder.php(2260): Illuminate\\Database\\Connection->select('select `domain`...', Array, true)
#3 D:\\works\\jwellery\\s-cart\\vendor\\laravel\\framework\\src\\Illuminate\\Database\\Query\\Builder.php(2435): Illuminate\\Database\\Query\\Builder->runSelect()
#4 D:\\works\\jwellery\\s-cart\\vendor\\laravel\\framework\\src\\Illuminate\\Database\\Query\\Builder.php(2743): Illuminate\\Database\\Query\\Builder->Illuminate\\Database\\Query\\{closure}()
#5 D:\\works\\jwellery\\s-cart\\vendor\\laravel\\framework\\src\\Illuminate\\Database\\Query\\Builder.php(2437): Illuminate\\Database\\Query\\Builder->onceWithColumns(Array, Object(Closure))
#6 D:\\works\\jwellery\\s-cart\\vendor\\laravel\\framework\\src\\Illuminate\\Database\\Eloquent\\Builder.php(689): Illuminate\\Database\\Query\\Builder->pluck('domain', 'id')
#7 D:\\works\\jwellery\\s-cart\\app\\Models\\AdminStore.php(100): Illuminate\\Database\\Eloquent\\Builder->pluck('domain', 'id')
#8 D:\\works\\jwellery\\s-cart\\app\\Providers\\ScartServiceProvider.php(64): App\\Models\\AdminStore::getDomain()
#9 D:\\works\\jwellery\\s-cart\\app\\Providers\\ScartServiceProvider.php(40): App\\Providers\\ScartServiceProvider->bootScart()
#10 [internal function]: App\\Providers\\ScartServiceProvider->boot()
#11 D:\\works\\jwellery\\s-cart\\vendor\\laravel\\framework\\src\\Illuminate\\Container\\BoundMethod.php(37): call_user_func_array(Array, Array)
#12 D:\\works\\jwellery\\s-cart\\vendor\\laravel\\framework\\src\\Illuminate\\Container\\Util.php(37): Illuminate\\Container\\BoundMethod::Illuminate\\Container\\{closure}()
#13 D:\\works\\jwellery\\s-cart\\vendor\\laravel\\framework\\src\\Illuminate\\Container\\BoundMethod.php(95): Illuminate\\Container\\Util::unwrapIfClosure(Object(Closure))
#14 D:\\works\\jwellery\\s-cart\\vendor\\laravel\\framework\\src\\Illuminate\\Container\\BoundMethod.php(39): Illuminate\\Container\\BoundMethod::callBoundMethod(Object(Illuminate\\Foundation\\Application), Array, Object(Closure))
#15 D:\\works\\jwellery\\s-cart\\vendor\\laravel\\framework\\src\\Illuminate\\Container\\Container.php(596): Illuminate\\Container\\BoundMethod::call(Object(Illuminate\\Foundation\\Application), Array, Array, NULL)
#16 D:\\works\\jwellery\\s-cart\\vendor\\laravel\\framework\\src\\Illuminate\\Foundation\\Application.php(867): Illuminate\\Container\\Container->call(Array)
#17 D:\\works\\jwellery\\s-cart\\vendor\\laravel\\framework\\src\\Illuminate\\Foundation\\Application.php(850): Illuminate\\Foundation\\Application->bootProvider(Object(App\\Providers\\ScartServiceProvider))
#18 [internal function]: Illuminate\\Foundation\\Application->Illuminate\\Foundation\\{closure}(Object(App\\Providers\\ScartServiceProvider), 27)
#19 D:\\works\\jwellery\\s-cart\\vendor\\laravel\\framework\\src\\Illuminate\\Foundation\\Application.php(851): array_walk(Array, Object(Closure))
#20 D:\\works\\jwellery\\s-cart\\vendor\\laravel\\framework\\src\\Illuminate\\Foundation\\Bootstrap\\BootProviders.php(17): Illuminate\\Foundation\\Application->boot()
#21 D:\\works\\jwellery\\s-cart\\vendor\\laravel\\framework\\src\\Illuminate\\Foundation\\Application.php(230): Illuminate\\Foundation\\Bootstrap\\BootProviders->bootstrap(Object(Illuminate\\Foundation\\Application))
#22 D:\\works\\jwellery\\s-cart\\vendor\\laravel\\framework\\src\\Illuminate\\Foundation\\Console\\Kernel.php(310): Illuminate\\Foundation\\Application->bootstrapWith(Array)
#23 D:\\works\\jwellery\\s-cart\\vendor\\laravel\\framework\\src\\Illuminate\\Foundation\\Console\\Kernel.php(127): Illuminate\\Foundation\\Console\\Kernel->bootstrap()
#24 D:\\works\\jwellery\\s-cart\\artisan(37): Illuminate\\Foundation\\Console\\Kernel->handle(Object(Symfony\\Component\\Console\\Input\\ArgvInput), Object(Symfony\\Component\\Console\\Output\\ConsoleOutput))
#25 {main}

[previous exception] [object] (PDOException(code: 42S02): SQLSTATE[42S02]: Base table or view not found: 1146 Table 's-cart.sc_admin_store' doesn't exist at D:\\works\\jwellery\\s-cart\\vendor\\laravel\\framework\\src\\Illuminate\\Database\\Connection.php:331)
[stacktrace]
#0 D:\\works\\jwellery\\s-cart\\vendor\\laravel\\framework\\src\\Illuminate\\Database\\Connection.php(331): PDO->prepare('select `domain`...')
#1 D:\\works\\jwellery\\s-cart\\vendor\\laravel\\framework\\src\\Illuminate\\Database\\Connection.php(664): Illuminate\\Database\\Connection->Illuminate\\Database\\{closure}('select `domain`...', Array)
#2 D:\\works\\jwellery\\s-cart\\vendor\\laravel\\framework\\src\\Illuminate\\Database\\Connection.php(631): Illuminate\\Database\\Connection->runQueryCallback('select `domain`...', Array, Object(Closure))
#3 D:\\works\\jwellery\\s-cart\\vendor\\laravel\\framework\\src\\Illuminate\\Database\\Connection.php(339): Illuminate\\Database\\Connection->run('select `domain`...', Array, Object(Closure))
#4 D:\\works\\jwellery\\s-cart\\vendor\\laravel\\framework\\src\\Illuminate\\Database\\Query\\Builder.php(2260): Illuminate\\Database\\Connection->select('select `domain`...', Array, true)
#5 D:\\works\\jwellery\\s-cart\\vendor\\laravel\\framework\\src\\Illuminate\\Database\\Query\\Builder.php(2435): Illuminate\\Database\\Query\\Builder->runSelect()
#6 D:\\works\\jwellery\\s-cart\\vendor\\laravel\\framework\\src\\Illuminate\\Database\\Query\\Builder.php(2743): Illuminate\\Database\\Query\\Builder->Illuminate\\Database\\Query\\{closure}()
#7 D:\\works\\jwellery\\s-cart\\vendor\\laravel\\framework\\src\\Illuminate\\Database\\Query\\Builder.php(2437): Illuminate\\Database\\Query\\Builder->onceWithColumns(Array, Object(Closure))
#8 D:\\works\\jwellery\\s-cart\\vendor\\laravel\\framework\\src\\Illuminate\\Database\\Eloquent\\Builder.php(689): Illuminate\\Database\\Query\\Builder->pluck('domain', 'id')
#9 D:\\works\\jwellery\\s-cart\\app\\Models\\AdminStore.php(100): Illuminate\\Database\\Eloquent\\Builder->pluck('domain', 'id')
#10 D:\\works\\jwellery\\s-cart\\app\\Providers\\ScartServiceProvider.php(64): App\\Models\\AdminStore::getDomain()
#11 D:\\works\\jwellery\\s-cart\\app\\Providers\\ScartServiceProvider.php(40): App\\Providers\\ScartServiceProvider->bootScart()
#12 [internal function]: App\\Providers\\ScartServiceProvider->boot()
#13 D:\\works\\jwellery\\s-cart\\vendor\\laravel\\framework\\src\\Illuminate\\Container\\BoundMethod.php(37): call_user_func_array(Array, Array)
#14 D:\\works\\jwellery\\s-cart\\vendor\\laravel\\framework\\src\\Illuminate\\Container\\Util.php(37): Illuminate\\Container\\BoundMethod::Illuminate\\Container\\{closure}()
#15 D:\\works\\jwellery\\s-cart\\vendor\\laravel\\framework\\src\\Illuminate\\Container\\BoundMethod.php(95): Illuminate\\Container\\Util::unwrapIfClosure(Object(Closure))
#16 D:\\works\\jwellery\\s-cart\\vendor\\laravel\\framework\\src\\Illuminate\\Container\\BoundMethod.php(39): Illuminate\\Container\\BoundMethod::callBoundMethod(Object(Illuminate\\Foundation\\Application), Array, Object(Closure))
#17 D:\\works\\jwellery\\s-cart\\vendor\\laravel\\framework\\src\\Illuminate\\Container\\Container.php(596): Illuminate\\Container\\BoundMethod::call(Object(Illuminate\\Foundation\\Application), Array, Array, NULL)
#18 D:\\works\\jwellery\\s-cart\\vendor\\laravel\\framework\\src\\Illuminate\\Foundation\\Application.php(867): Illuminate\\Container\\Container->call(Array)
#19 D:\\works\\jwellery\\s-cart\\vendor\\laravel\\framework\\src\\Illuminate\\Foundation\\Application.php(850): Illuminate\\Foundation\\Application->bootProvider(Object(App\\Providers\\ScartServiceProvider))
#20 [internal function]: Illuminate\\Foundation\\Application->Illuminate\\Foundation\\{closure}(Object(App\\Providers\\ScartServiceProvider), 27)
#21 D:\\works\\jwellery\\s-cart\\vendor\\laravel\\framework\\src\\Illuminate\\Foundation\\Application.php(851): array_walk(Array, Object(Closure))
#22 D:\\works\\jwellery\\s-cart\\vendor\\laravel\\framework\\src\\Illuminate\\Foundation\\Bootstrap\\BootProviders.php(17): Illuminate\\Foundation\\Application->boot()
#23 D:\\works\\jwellery\\s-cart\\vendor\\laravel\\framework\\src\\Illuminate\\Foundation\\Application.php(230): Illuminate\\Foundation\\Bootstrap\\BootProviders->bootstrap(Object(Illuminate\\Foundation\\Application))
#24 D:\\works\\jwellery\\s-cart\\vendor\\laravel\\framework\\src\\Illuminate\\Foundation\\Console\\Kernel.php(310): Illuminate\\Foundation\\Application->bootstrapWith(Array)
#25 D:\\works\\jwellery\\s-cart\\vendor\\laravel\\framework\\src\\Illuminate\\Foundation\\Console\\Kernel.php(127): Illuminate\\Foundation\\Console\\Kernel->bootstrap()
#26 D:\\works\\jwellery\\s-cart\\artisan(37): Illuminate\\Foundation\\Console\\Kernel->handle(Object(Symfony\\Component\\Console\\Input\\ArgvInput), Object(Symfony\\Component\\Console\\Output\\ConsoleOutput))
#27 {main}
"} 
